<?xml version="1.0" encoding="UTF-8"?>
<testng-results ignored="0" total="1" passed="1" failed="0" skipped="0">
  <reporter-output>
  </reporter-output>
  <suite started-at="2024-05-26T11:17:35 IST" name="Surefire suite" finished-at="2024-05-26T11:17:45 IST" duration-ms="10117">
    <groups>
      <group name="cucumber">
        <method signature="AbstractTestNGCucumberTests.runScenario(io.cucumber.testng.PickleWrapper,io.cucumber.testng.FeatureWrapper)[pri:0, instance:TestRunner.run@d86a6f]" name="runScenario" class="io.cucumber.testng.AbstractTestNGCucumberTests"/>
      </group> <!-- cucumber -->
    </groups>
    <test started-at="2024-05-26T11:17:35 IST" name="Surefire test" finished-at="2024-05-26T11:17:45 IST" duration-ms="10117">
      <class name="TestRunner.run">
        <test-method is-config="true" signature="setUpClass(org.testng.ITestContext)[pri:0, instance:TestRunner.run@d86a6f]" started-at="2024-05-26T11:17:35 IST" name="setUpClass" finished-at="2024-05-26T11:17:36 IST" duration-ms="518" status="PASS">
          <params>
            <param index="0">
              <value>
                <![CDATA[org.testng.TestRunner@496cc217]]>
              </value>
            </param>
          </params>
          <reporter-output>
          </reporter-output>
        </test-method> <!-- setUpClass -->
        <test-method signature="runScenario(io.cucumber.testng.PickleWrapper,io.cucumber.testng.FeatureWrapper)[pri:0, instance:TestRunner.run@d86a6f]" started-at="2024-05-26T11:17:36 IST" name="runScenario" description="Runs Cucumber Scenarios" data-provider="scenarios" finished-at="2024-05-26T11:17:45 IST" duration-ms="9560" status="PASS">
          <params>
            <param index="0">
              <value>
                <![CDATA["Successful Login with Valid Credentials"]]>
              </value>
            </param>
            <param index="1">
              <value>
                <![CDATA["Login"]]>
              </value>
            </param>
          </params>
          <reporter-output>
          </reporter-output>
        </test-method> <!-- runScenario -->
        <test-method is-config="true" signature="tearDownClass()[pri:0, instance:TestRunner.run@d86a6f]" started-at="2024-05-26T11:17:45 IST" name="tearDownClass" finished-at="2024-05-26T11:17:45 IST" duration-ms="10" status="PASS">
          <reporter-output>
          </reporter-output>
        </test-method> <!-- tearDownClass -->
      </class> <!-- TestRunner.run -->
    </test> <!-- Surefire test -->
  </suite> <!-- Surefire suite -->
</testng-results>
