<?xml version="1.0" encoding="UTF-8"?>
<testsuite xmlns:xsi="http://www.w3.org/2001/XMLSchema-instance" xsi:noNamespaceSchemaLocation="https://maven.apache.org/surefire/maven-surefire-plugin/xsd/surefire-test-report-3.0.xsd" version="3.0" name="TestRunner.run" time="10.534" tests="1" errors="0" skipped="0" failures="0">
  <properties>
[...]
</properties>
  <testcase name="runScenario[&quot;Successful Login with Valid Credentials&quot;, &quot;Login&quot;](1)" classname="TestRunner.run" time="9.559">
    <system-out><![CDATA[
@sanity
Scenario: Successful Login with Valid Credentials                                     # Features/loginfeature.feature:4
[DEBUG] Using WebDriverManager 5.8.0
[DEBUG] Removing resolution chrome=125 from cache (expired on Sat May 25 17:44:15 IST 2024)
[DEBUG] ex-0000000001 preparing request execution
[DEBUG] ex-0000000001 target auth state: UNCHALLENGED
[DEBUG] ex-0000000001 proxy auth state: UNCHALLENGED
[DEBUG] ex-0000000001 acquiring connection with route {s}->https://raw.githubusercontent.com:443
[DEBUG] ex-0000000001 acquiring endpoint (3 MINUTES)
[DEBUG] ex-0000000001 endpoint lease request (3 MINUTES) [route: {s}->https://raw.githubusercontent.com:443][total available: 0; route allocated: 0 of 5; total allocated: 0 of 25]
[DEBUG] ex-0000000001 endpoint leased [route: {s}->https://raw.githubusercontent.com:443][total available: 0; route allocated: 1 of 5; total allocated: 1 of 25]
[DEBUG] ex-0000000001 acquired ep-0000000001
[DEBUG] ex-0000000001 acquired endpoint ep-0000000001
[DEBUG] ex-0000000001 opening connection {s}->https://raw.githubusercontent.com:443
[DEBUG] ep-0000000001 connecting endpoint (null)
[DEBUG] ep-0000000001 connecting endpoint to https://raw.githubusercontent.com:443 (30 SECONDS)
[DEBUG] raw.githubusercontent.com resolving remote address
[DEBUG] raw.githubusercontent.com resolved to [raw.githubusercontent.com/185.199.110.133, raw.githubusercontent.com/185.199.109.133, raw.githubusercontent.com/185.199.108.133, raw.githubusercontent.com/185.199.111.133, raw.githubusercontent.com/2606:50c0:8002:0:0:0:0:154, raw.githubusercontent.com/2606:50c0:8001:0:0:0:0:154, raw.githubusercontent.com/2606:50c0:8000:0:0:0:0:154, raw.githubusercontent.com/2606:50c0:8003:0:0:0:0:154]
[DEBUG] raw.githubusercontent.com:443 connecting null->raw.githubusercontent.com/185.199.110.133:443 (30 SECONDS)
[DEBUG] Connecting socket to raw.githubusercontent.com/185.199.110.133:443 with timeout 30 SECONDS
[DEBUG] Enabled protocols: [TLSv1.3, TLSv1.2]
[DEBUG] Enabled cipher suites: [TLS_AES_256_GCM_SHA384, TLS_AES_128_GCM_SHA256, TLS_CHACHA20_POLY1305_SHA256, TLS_ECDHE_ECDSA_WITH_AES_256_GCM_SHA384, TLS_ECDHE_ECDSA_WITH_AES_128_GCM_SHA256, TLS_ECDHE_ECDSA_WITH_CHACHA20_POLY1305_SHA256, TLS_ECDHE_RSA_WITH_AES_256_GCM_SHA384, TLS_ECDHE_RSA_WITH_CHACHA20_POLY1305_SHA256, TLS_ECDHE_RSA_WITH_AES_128_GCM_SHA256, TLS_DHE_RSA_WITH_AES_256_GCM_SHA384, TLS_DHE_RSA_WITH_CHACHA20_POLY1305_SHA256, TLS_DHE_DSS_WITH_AES_256_GCM_SHA384, TLS_DHE_RSA_WITH_AES_128_GCM_SHA256, TLS_DHE_DSS_WITH_AES_128_GCM_SHA256, TLS_ECDHE_ECDSA_WITH_AES_256_CBC_SHA384, TLS_ECDHE_RSA_WITH_AES_256_CBC_SHA384, TLS_ECDHE_ECDSA_WITH_AES_128_CBC_SHA256, TLS_ECDHE_RSA_WITH_AES_128_CBC_SHA256, TLS_DHE_RSA_WITH_AES_256_CBC_SHA256, TLS_DHE_DSS_WITH_AES_256_CBC_SHA256, TLS_DHE_RSA_WITH_AES_128_CBC_SHA256, TLS_DHE_DSS_WITH_AES_128_CBC_SHA256, TLS_ECDHE_ECDSA_WITH_AES_256_CBC_SHA, TLS_ECDHE_RSA_WITH_AES_256_CBC_SHA, TLS_ECDHE_ECDSA_WITH_AES_128_CBC_SHA, TLS_ECDHE_RSA_WITH_AES_128_CBC_SHA, TLS_DHE_RSA_WITH_AES_256_CBC_SHA, TLS_DHE_DSS_WITH_AES_256_CBC_SHA, TLS_DHE_RSA_WITH_AES_128_CBC_SHA, TLS_DHE_DSS_WITH_AES_128_CBC_SHA, TLS_RSA_WITH_AES_256_GCM_SHA384, TLS_RSA_WITH_AES_128_GCM_SHA256, TLS_RSA_WITH_AES_256_CBC_SHA256, TLS_RSA_WITH_AES_128_CBC_SHA256, TLS_RSA_WITH_AES_256_CBC_SHA, TLS_RSA_WITH_AES_128_CBC_SHA, TLS_EMPTY_RENEGOTIATION_INFO_SCSV]
[DEBUG] Starting handshake (null)
[DEBUG] Secure session established
[DEBUG]  negotiated protocol: TLSv1.3
[DEBUG]  negotiated cipher suite: TLS_AES_128_GCM_SHA256
[DEBUG]  peer principal: CN=*.github.io, O="GitHub, Inc.", L=San Francisco, ST=California, C=US
[DEBUG]  peer alternative names: [*.github.io, github.io, githubusercontent.com, www.github.com, *.github.com, *.githubusercontent.com, github.com]
[DEBUG]  issuer principal: CN=DigiCert Global G2 TLS RSA SHA256 2020 CA1, O=DigiCert Inc, C=US
[DEBUG] http-outgoing-0 set socket timeout to 3 MINUTES
[DEBUG] raw.githubusercontent.com:443 connected null->raw.githubusercontent.com/185.199.110.133:443 as http-outgoing-0
[DEBUG] ep-0000000001 connected http-outgoing-0
[DEBUG] ep-0000000001 endpoint connected
[DEBUG] ex-0000000001 executing GET /bonigarcia/webdrivermanager/master/src/main/resources/commands.properties HTTP/1.1
[DEBUG] ex-0000000001 Cookie spec selected: strict
[DEBUG] ep-0000000001 start execution ex-0000000001
[DEBUG] ep-0000000001 executing exchange ex-0000000001 over http-outgoing-0
[DEBUG] http-outgoing-0 >> GET /bonigarcia/webdrivermanager/master/src/main/resources/commands.properties HTTP/1.1
[DEBUG] http-outgoing-0 >> user-agent: Apache-HttpClient/5.0
[DEBUG] http-outgoing-0 >> accept-encoding: gzip, deflate, br
[DEBUG] http-outgoing-0 >> cache-control: max-age=0
[DEBUG] http-outgoing-0 >> connection: keep-alive
[DEBUG] http-outgoing-0 >> Host: raw.githubusercontent.com
[DEBUG] http-outgoing-0 >> "GET /bonigarcia/webdrivermanager/master/src/main/resources/commands.properties HTTP/1.1[\r][\n]"
[DEBUG] http-outgoing-0 >> "user-agent: Apache-HttpClient/5.0[\r][\n]"
[DEBUG] http-outgoing-0 >> "accept-encoding: gzip, deflate, br[\r][\n]"
[DEBUG] http-outgoing-0 >> "cache-control: max-age=0[\r][\n]"
[DEBUG] http-outgoing-0 >> "connection: keep-alive[\r][\n]"
[DEBUG] http-outgoing-0 >> "Host: raw.githubusercontent.com[\r][\n]"
[DEBUG] http-outgoing-0 >> "[\r][\n]"
[DEBUG] http-outgoing-0 << "HTTP/1.1 200 OK[\r][\n]"
[DEBUG] http-outgoing-0 << "Connection: keep-alive[\r][\n]"
[DEBUG] http-outgoing-0 << "Content-Length: 745[\r][\n]"
[DEBUG] http-outgoing-0 << "Cache-Control: max-age=300[\r][\n]"
[DEBUG] http-outgoing-0 << "Content-Security-Policy: default-src 'none'; style-src 'unsafe-inline'; sandbox[\r][\n]"
[DEBUG] http-outgoing-0 << "Content-Type: text/plain; charset=utf-8[\r][\n]"
[DEBUG] http-outgoing-0 << "ETag: W/"dd41edff335272162022217759820159dac501cff56850e2510f504462cd9b5f"[\r][\n]"
[DEBUG] http-outgoing-0 << "Strict-Transport-Security: max-age=31536000[\r][\n]"
[DEBUG] http-outgoing-0 << "X-Content-Type-Options: nosniff[\r][\n]"
[DEBUG] http-outgoing-0 << "X-Frame-Options: deny[\r][\n]"
[DEBUG] http-outgoing-0 << "X-XSS-Protection: 1; mode=block[\r][\n]"
[DEBUG] http-outgoing-0 << "X-GitHub-Request-Id: 204E:256F2F:250768:3254DF:663937DF[\r][\n]"
[DEBUG] http-outgoing-0 << "Content-Encoding: gzip[\r][\n]"
[DEBUG] http-outgoing-0 << "Accept-Ranges: bytes[\r][\n]"
[DEBUG] http-outgoing-0 << "Date: Sun, 26 May 2024 05:47:37 GMT[\r][\n]"
[DEBUG] http-outgoing-0 << "Via: 1.1 varnish[\r][\n]"
[DEBUG] http-outgoing-0 << "X-Served-By: cache-hyd1100025-HYD[\r][\n]"
[DEBUG] http-outgoing-0 << "X-Cache: HIT[\r][\n]"
[DEBUG] http-outgoing-0 << "X-Cache-Hits: 1[\r][\n]"
[DEBUG] http-outgoing-0 << "X-Timer: S1716702457.475605,VS0,VE1[\r][\n]"
[DEBUG] http-outgoing-0 << "Vary: Authorization,Accept-Encoding,Origin[\r][\n]"
[DEBUG] http-outgoing-0 << "Access-Control-Allow-Origin: *[\r][\n]"
[DEBUG] http-outgoing-0 << "Cross-Origin-Resource-Policy: cross-origin[\r][\n]"
[DEBUG] http-outgoing-0 << "X-Fastly-Request-ID: eae5df791aead0c768afec274fffd8608b3e9406[\r][\n]"
[DEBUG] http-outgoing-0 << "Expires: Sun, 26 May 2024 05:52:37 GMT[\r][\n]"
[DEBUG] http-outgoing-0 << "Source-Age: 56[\r][\n]"
[DEBUG] http-outgoing-0 << "[\r][\n]"
[DEBUG] http-outgoing-0 << HTTP/1.1 200 OK
[DEBUG] http-outgoing-0 << Connection: keep-alive
[DEBUG] http-outgoing-0 << Content-Length: 745
[DEBUG] http-outgoing-0 << Cache-Control: max-age=300
[DEBUG] http-outgoing-0 << Content-Security-Policy: default-src 'none'; style-src 'unsafe-inline'; sandbox
[DEBUG] http-outgoing-0 << Content-Type: text/plain; charset=utf-8
[DEBUG] http-outgoing-0 << ETag: W/"dd41edff335272162022217759820159dac501cff56850e2510f504462cd9b5f"
[DEBUG] http-outgoing-0 << Strict-Transport-Security: max-age=31536000
[DEBUG] http-outgoing-0 << X-Content-Type-Options: nosniff
[DEBUG] http-outgoing-0 << X-Frame-Options: deny
[DEBUG] http-outgoing-0 << X-XSS-Protection: 1; mode=block
[DEBUG] http-outgoing-0 << X-GitHub-Request-Id: 204E:256F2F:250768:3254DF:663937DF
[DEBUG] http-outgoing-0 << Content-Encoding: gzip
[DEBUG] http-outgoing-0 << Accept-Ranges: bytes
[DEBUG] http-outgoing-0 << Date: Sun, 26 May 2024 05:47:37 GMT
[DEBUG] http-outgoing-0 << Via: 1.1 varnish
[DEBUG] http-outgoing-0 << X-Served-By: cache-hyd1100025-HYD
[DEBUG] http-outgoing-0 << X-Cache: HIT
[DEBUG] http-outgoing-0 << X-Cache-Hits: 1
[DEBUG] http-outgoing-0 << X-Timer: S1716702457.475605,VS0,VE1
[DEBUG] http-outgoing-0 << Vary: Authorization,Accept-Encoding,Origin
[DEBUG] http-outgoing-0 << Access-Control-Allow-Origin: *
[DEBUG] http-outgoing-0 << Cross-Origin-Resource-Policy: cross-origin
[DEBUG] http-outgoing-0 << X-Fastly-Request-ID: eae5df791aead0c768afec274fffd8608b3e9406
[DEBUG] http-outgoing-0 << Expires: Sun, 26 May 2024 05:52:37 GMT
[DEBUG] http-outgoing-0 << Source-Age: 56
[DEBUG] ex-0000000001 connection can be kept alive for 3 MINUTES
[DEBUG] http-outgoing-0 << "[0x1f][0xffffff8b][0x8][0x0][0x0][0x0][0x0][0x0][0x0][0x3][0xffffffb5]W]o[0xffffffda]0[0x14]}[0xffffffe7]W\QUj% [0x1b][0xffffffad][0xffffffa6]i[0x12][0xf]4c[0xffffffdd]4*[0x18][0xffffffb4][0xffffffdd]&[0xfffffff9][0xffffffc5]$N[0xffffffb0][0xffffff94][0xffffffd8][0xffffffc8]NJ[0xffffffb7]_?[0xffffffdb][0xfffffff9]X[0xffffff92]:[0xffffffa3]k[0xffffffe8][0x1b][0xffffffb6][0xffffffef]=[0xffffffe7][0xffffffd8][0xfffffff7][0xffffffe4][0xffffffda][0xffffff9c][0xffffff80][0xffffffcb][0xffffffe3][0x18]3_[0xffffff82][0xffffff8f][0x13][0xffffffbc][0xffffffc1][0xffffff92][0xfffffff4]N[0xffffffe0]vK%[0x4]4"[0xffffffe0]q[0xffffff96]`[0xffffffca]$$[=[0xffffffc8]C[0x13][0xe][0x1b][0x2][0xffffffe4][0xffffff91]xiB|[0xffffffa0][0xffffffcc],[0xffffffcb]-[0xffffff89]"=[0xffffffe0][0xffffffc2]'B[0x7][0xfffffff9]$!^b[0x16][0x1f][0xffffff88][0xffffff90][0xffffff94][0xffffffab][0xffffffb5][0x0][0xffffff88][0xfffffffa][0x1d][\n]"
[DEBUG] http-outgoing-0 << "B[0x18]l[0x4][0xffffffdf]K[0xffffffb5][0xffffffa0]([0xffffffcf][0xffffffdc][0xffffffad][0xffffffe0]1[0x19][0xffffffc0]'*H[0xffffffc0][0x1f][0x7][0xffffffb0][0xffffffd8][0x11][0xffffff81][0x7]0[0xfffffff3]C5kVi[0x1a][0xffffff9f]k|[0xffffff9f][0x6][0x1][0x11][0xffffff84]%[0xffffffc0]uLBY[0x8][0xfffffff2][0xffffff97]LH,[0xffffffe1][0xffffffec];e[0xffffffbe]B[0x1d][0xffffffc0][0xffffff9c][0xffffffb2]T[0xffffffc1][0xffffffdc]`[0xf][0x16][0xffffffeb][0xfffffff3][0xffffff9e][0xffffffe2][0xffffffc8](z[0xfffffff9]6F[0xffffff9e][0x19][0xffffff8e][0xfffffff6]Y[0xffffffc2][0xffffffe8][0xffffffcd][0xffffffdb][0xffffff89][0x17][0xfffffffb]#[0xffffffb5]+p\[0xffffffd8][0xffffffc7][0xffffffd4]3Gb[0xffffff8e]a[0xffffffbf]U|[0xffffffc0]pL&[0xfffffffd][0xffffffd3][0xffffffe5]jq[0xffffffbd][0xffffff9a][0xffffffde]|[0xfffffffa]2[0xffffff9f][0xffffffad]?[0xffffffa0][0x9]B[0xffffffa7][0x8]]s[0x1e]F[0x4][0xffffffa1][0xffffff8c][0x2][0xffffffa1][0xffffffe9]n[0x17]QOI[0xffffffe3][0xc][0xffffffa1][0xffffff9c]H![0xfffffff7]!$[0x9][0xffffffdc][0xffffffe7]g[0xffffffe1]<[0xffffffe0](m[0xffffffd7]3~[0xffffff81][0xffffff9e][0xffffffb3][0x1f][0xffffffef][0xffffffdf][0xffffff9d][0xffffffbf][0xffffffa6][0xffffffa8][0xffffff8b]g[0xffffff8a][0xffffff9a]/[0xffffffdc][0xffffffe9]|[0xffffffba]\~[0xffffff9c][0xffffffde]N_S[0xffffffcf][0xffffffe5]d5[0xffffffbb][0xffffff86]ow[0xffffffb3][0xffffffd5]O[0xfffffff8][0xfffffffc][0xffffffd5][0xffffffbd]Ck[0x1e]${,H[0xffffffc1][0xffffff96][0xffffff93]][0xffffffcd][0xffffffaf][0x8][0xfffffff6][0xc]^[0xffffffe1][0xffffffc5]^[0x13]4[0xffffffd2][0xffffff8e][0xffffffd1]>pR)[0xffffff9c][\r]eNh0[0xffffff86][0xffffffd9]:[0xc][0xffffff87]E[0xffffffa6]=q<i[0xffffff8b]o&[0xffffffc4][0xffffffd8]3<[0xffffff95][0x13][0xffffff90]N&8w[0xffffffe9][0x8][0xffffffef]v[0xffffff8e][0xffffffab][0xffffffbe]>es[0xffffffe9]([0x13]/[0xffffffd6][0xfffffff5][0xffffff80]*[0xffffffba][0xfffffff2]v[0xfffffffe][0xffffffd9][0xffffff94]DA6>[0xffffff8e][0xffffffbb]o[0xfffffff8]o[0x1a]E[0xffffffb8] A[0xffffffa8]@?T[0xffffffad]'*:{[0xfffffffa]xR.*[0xffffffce][0xffffffe9][0xffffffd7][0xffffffad][0xffffff93][0xffffff93]4[0xffffffc9][0xfffffffa][0xffffffda]<n*t[0xffffffeb][0xffffffb9]oV[0xffffffb6][0xffffffc0]/M[0xffffff94]O[0xffffffc0][0xfffffff0][0xffffffe1]i[0xffffff90][0xffffffb5][0xfffffffe]9[0xffffff8b][0xffffffad][0xfffffff2]U,Ul[0xffffffdd][0x13]KL[0xffffffa2][0x6][0xffffffdd][0xffffffca]\?`[0xffffffea][0x9].[0xffffffd5]I [0xffffffa4]i[0x1a]_i,[\r][0xffffffdd][0xffffffa1][0xffffffc3][0xffffffae]kzI[0xffffffd1]_Q[0xffffffce]Ek[0xffffffcb][0xfffffff8]Kf[0xffffffb8][0xfffffffe][0xffffffd9]3[0xc][0xffffffe6][0xffffffd3][0xffffff8e][0x11][0x17][0x10]C[0x1d]`i[0x19][0xffffffd5][0xffffffbc][0xfffffff1][0xffffffa4]5[0xffffffbc][0x1e]o[0xfffffff5]K[0xffffffa9][0xffffffd6][0xfffffff8][0xffffffc1]f[0xffffff9b]z[0x4][0xffffffd4][0x1a][0xffffff86][0xffffffb9]^K[0x16]s[0xffffff91][0xfffffffe][0xffffffbf][0xffffff8b]l]~)x(p,[0x11]2[0x14][0x8]E8e[0xffffff9e][0xffffffca]:X[0xffffffa6][0xffffff86][0xffffff88].[0xffffffb6]9[0xffffff9a][0xffffff88].[0xfffffff7]]G[0xffffffea][0xffffffcb][0xe][0xfffffffb][0x7f].u[0xffffff83][0xffffffbb][0xfffffff4][0xffffffb3][0x19][0xffffffda][0xffffffec][0xffffff98][0xffffffc5]Y[0xfffffffd]h8m6\4[0xffffffc1][0xffffff8a][0xffffffb7][0xffffff98]z[0xffffffd0][0xffffffd5]oF5q[0x1c][0x13][0x16][0xfffffff0][0x1d][0x1e][0x19]5-[0xffffff9d][0xffffffef][0xffffffad]c[0xb]z[0xffffffae]/m[0xffffffe6]8[0xffffffb6][0xffffff96][0xfffffff6]7X[0xffffffc9]t[0xfffffff8][0xfffffff9][0xffffffa5][0x11]K[0xfffffffb][0x15]3[0xffffffc3][0xfffffffc][0x1f]B[0xffffffdb][0xffffffd3][0xffffffab][0xffffff92]4.[0xffffff93]Z[0xffffffdf]]:[0xffffffda][0xffffffea][0xffffffdc]B[0xffffffa6][0xffffffcd][0xffffffbc][0xffffffae][0x5][0xfffffff5][0x4][0xffffffd6]8[0xffffffc0][0xffffff82][0xffffff96][0xfffffff0][0xffffffd2][0xc][0xffffffed][0xffffffe0]Y[0xffffffa8][\r]:[[0xffffffa9][0x0][0xffffffff][0x1][0xfffffff8][0x15][0xffffffb4][0xffffffee][0xffffff8e][\r][0x0][0x0]"
[DEBUG] ep-0000000001 releasing valid endpoint
[DEBUG] ep-0000000001 releasing endpoint
[DEBUG] ep-0000000001 connection http-outgoing-0 can be kept alive for 3 MINUTES
[DEBUG] ep-0000000001 connection released [route: {s}->https://raw.githubusercontent.com:443][total available: 1; route allocated: 1 of 5; total allocated: 1 of 25]
[DEBUG] Detecting chrome version using online commands.properties
[DEBUG] Running command on the shell: [cmd.exe, /C, wmic, datafile, where, name="%PROGRAMFILES:\=\\%\\Google\\Chrome\\Application\\chrome.exe", get, Version, /value]
[DEBUG] Result: Version=125.0.6422.78
[DEBUG] Removing resolution chrome125=125.0.6422.78 from cache (expired on Sun May 26 10:27:12 IST 2024)
[DEBUG] ex-0000000002 preparing request execution
[DEBUG] ex-0000000002 target auth state: UNCHALLENGED
[DEBUG] ex-0000000002 proxy auth state: UNCHALLENGED
[DEBUG] ex-0000000002 acquiring connection with route {s}->https://googlechromelabs.github.io:443
[DEBUG] ex-0000000002 acquiring endpoint (3 MINUTES)
[DEBUG] ex-0000000002 endpoint lease request (3 MINUTES) [route: {s}->https://googlechromelabs.github.io:443][total available: 1; route allocated: 0 of 5; total allocated: 1 of 25]
[DEBUG] ex-0000000002 endpoint leased [route: {s}->https://googlechromelabs.github.io:443][total available: 1; route allocated: 1 of 5; total allocated: 2 of 25]
[DEBUG] ex-0000000002 acquired ep-0000000002
[DEBUG] ex-0000000002 acquired endpoint ep-0000000002
[DEBUG] ex-0000000002 opening connection {s}->https://googlechromelabs.github.io:443
[DEBUG] ep-0000000002 connecting endpoint (null)
[DEBUG] ep-0000000002 connecting endpoint to https://googlechromelabs.github.io:443 (30 SECONDS)
[DEBUG] googlechromelabs.github.io resolving remote address
[DEBUG] googlechromelabs.github.io resolved to [googlechromelabs.github.io/185.199.108.153, googlechromelabs.github.io/185.199.109.153, googlechromelabs.github.io/185.199.110.153, googlechromelabs.github.io/185.199.111.153, googlechromelabs.github.io/2606:50c0:8000:0:0:0:0:153, googlechromelabs.github.io/2606:50c0:8001:0:0:0:0:153, googlechromelabs.github.io/2606:50c0:8002:0:0:0:0:153, googlechromelabs.github.io/2606:50c0:8003:0:0:0:0:153]
[DEBUG] googlechromelabs.github.io:443 connecting null->googlechromelabs.github.io/185.199.108.153:443 (30 SECONDS)
[DEBUG] Connecting socket to googlechromelabs.github.io/185.199.108.153:443 with timeout 30 SECONDS
[DEBUG] Enabled protocols: [TLSv1.3, TLSv1.2]
[DEBUG] Enabled cipher suites: [TLS_AES_256_GCM_SHA384, TLS_AES_128_GCM_SHA256, TLS_CHACHA20_POLY1305_SHA256, TLS_ECDHE_ECDSA_WITH_AES_256_GCM_SHA384, TLS_ECDHE_ECDSA_WITH_AES_128_GCM_SHA256, TLS_ECDHE_ECDSA_WITH_CHACHA20_POLY1305_SHA256, TLS_ECDHE_RSA_WITH_AES_256_GCM_SHA384, TLS_ECDHE_RSA_WITH_CHACHA20_POLY1305_SHA256, TLS_ECDHE_RSA_WITH_AES_128_GCM_SHA256, TLS_DHE_RSA_WITH_AES_256_GCM_SHA384, TLS_DHE_RSA_WITH_CHACHA20_POLY1305_SHA256, TLS_DHE_DSS_WITH_AES_256_GCM_SHA384, TLS_DHE_RSA_WITH_AES_128_GCM_SHA256, TLS_DHE_DSS_WITH_AES_128_GCM_SHA256, TLS_ECDHE_ECDSA_WITH_AES_256_CBC_SHA384, TLS_ECDHE_RSA_WITH_AES_256_CBC_SHA384, TLS_ECDHE_ECDSA_WITH_AES_128_CBC_SHA256, TLS_ECDHE_RSA_WITH_AES_128_CBC_SHA256, TLS_DHE_RSA_WITH_AES_256_CBC_SHA256, TLS_DHE_DSS_WITH_AES_256_CBC_SHA256, TLS_DHE_RSA_WITH_AES_128_CBC_SHA256, TLS_DHE_DSS_WITH_AES_128_CBC_SHA256, TLS_ECDHE_ECDSA_WITH_AES_256_CBC_SHA, TLS_ECDHE_RSA_WITH_AES_256_CBC_SHA, TLS_ECDHE_ECDSA_WITH_AES_128_CBC_SHA, TLS_ECDHE_RSA_WITH_AES_128_CBC_SHA, TLS_DHE_RSA_WITH_AES_256_CBC_SHA, TLS_DHE_DSS_WITH_AES_256_CBC_SHA, TLS_DHE_RSA_WITH_AES_128_CBC_SHA, TLS_DHE_DSS_WITH_AES_128_CBC_SHA, TLS_RSA_WITH_AES_256_GCM_SHA384, TLS_RSA_WITH_AES_128_GCM_SHA256, TLS_RSA_WITH_AES_256_CBC_SHA256, TLS_RSA_WITH_AES_128_CBC_SHA256, TLS_RSA_WITH_AES_256_CBC_SHA, TLS_RSA_WITH_AES_128_CBC_SHA, TLS_EMPTY_RENEGOTIATION_INFO_SCSV]
[DEBUG] Starting handshake (null)
[DEBUG] Secure session established
[DEBUG]  negotiated protocol: TLSv1.3
[DEBUG]  negotiated cipher suite: TLS_AES_128_GCM_SHA256
[DEBUG]  peer principal: CN=*.github.io, O="GitHub, Inc.", L=San Francisco, ST=California, C=US
[DEBUG]  peer alternative names: [*.github.io, github.io, githubusercontent.com, www.github.com, *.github.com, *.githubusercontent.com, github.com]
[DEBUG]  issuer principal: CN=DigiCert Global G2 TLS RSA SHA256 2020 CA1, O=DigiCert Inc, C=US
[DEBUG] http-outgoing-1 set socket timeout to 3 MINUTES
[DEBUG] googlechromelabs.github.io:443 connected null->googlechromelabs.github.io/185.199.108.153:443 as http-outgoing-1
[DEBUG] ep-0000000002 connected http-outgoing-1
[DEBUG] ep-0000000002 endpoint connected
[DEBUG] ex-0000000002 executing GET /chrome-for-testing/known-good-versions-with-downloads.json HTTP/1.1
[DEBUG] ex-0000000002 Cookie spec selected: strict
[DEBUG] ep-0000000002 start execution ex-0000000002
[DEBUG] ep-0000000002 executing exchange ex-0000000002 over http-outgoing-1
[DEBUG] http-outgoing-1 >> GET /chrome-for-testing/known-good-versions-with-downloads.json HTTP/1.1
[DEBUG] http-outgoing-1 >> user-agent: Apache-HttpClient/5.0
[DEBUG] http-outgoing-1 >> accept-encoding: gzip, deflate, br
[DEBUG] http-outgoing-1 >> cache-control: max-age=0
[DEBUG] http-outgoing-1 >> connection: keep-alive
[DEBUG] http-outgoing-1 >> Host: googlechromelabs.github.io
[DEBUG] http-outgoing-1 >> "GET /chrome-for-testing/known-good-versions-with-downloads.json HTTP/1.1[\r][\n]"
[DEBUG] http-outgoing-1 >> "user-agent: Apache-HttpClient/5.0[\r][\n]"
[DEBUG] http-outgoing-1 >> "accept-encoding: gzip, deflate, br[\r][\n]"
[DEBUG] http-outgoing-1 >> "cache-control: max-age=0[\r][\n]"
[DEBUG] http-outgoing-1 >> "connection: keep-alive[\r][\n]"
[DEBUG] http-outgoing-1 >> "Host: googlechromelabs.github.io[\r][\n]"
[DEBUG] http-outgoing-1 >> "[\r][\n]"
[DEBUG] http-outgoing-1 << "HTTP/1.1 200 OK[\r][\n]"
[DEBUG] http-outgoing-1 << "Connection: keep-alive[\r][\n]"
[DEBUG] http-outgoing-1 << "Content-Length: 42605[\r][\n]"
[DEBUG] http-outgoing-1 << "Server: GitHub.com[\r][\n]"
[DEBUG] http-outgoing-1 << "Content-Type: application/json; charset=utf-8[\r][\n]"
[DEBUG] http-outgoing-1 << "permissions-policy: interest-cohort=()[\r][\n]"
[DEBUG] http-outgoing-1 << "x-origin-cache: HIT[\r][\n]"
[DEBUG] http-outgoing-1 << "Last-Modified: Sun, 26 May 2024 05:09:13 GMT[\r][\n]"
[DEBUG] http-outgoing-1 << "Access-Control-Allow-Origin: *[\r][\n]"
[DEBUG] http-outgoing-1 << "Strict-Transport-Security: max-age=31556952[\r][\n]"
[DEBUG] http-outgoing-1 << "ETag: W/"6652c3f9-140a25"[\r][\n]"
[DEBUG] http-outgoing-1 << "expires: Sun, 26 May 2024 05:22:17 GMT[\r][\n]"
[DEBUG] http-outgoing-1 << "Cache-Control: max-age=600[\r][\n]"
[DEBUG] http-outgoing-1 << "Content-Encoding: gzip[\r][\n]"
[DEBUG] http-outgoing-1 << "x-proxy-cache: HIT[\r][\n]"
[DEBUG] http-outgoing-1 << "X-GitHub-Request-Id: 4C0C:925C7:C8867:FD1D8:6652C4B3[\r][\n]"
[DEBUG] http-outgoing-1 << "Accept-Ranges: bytes[\r][\n]"
[DEBUG] http-outgoing-1 << "Date: Sun, 26 May 2024 05:47:37 GMT[\r][\n]"
[DEBUG] http-outgoing-1 << "Via: 1.1 varnish[\r][\n]"
[DEBUG] http-outgoing-1 << "Age: 263[\r][\n]"
[DEBUG] http-outgoing-1 << "X-Served-By: cache-hyd1100032-HYD[\r][\n]"
[DEBUG] http-outgoing-1 << "X-Cache: HIT[\r][\n]"
[DEBUG] http-outgoing-1 << "X-Cache-Hits: 2[\r][\n]"
[DEBUG] http-outgoing-1 << "X-Timer: S1716702458.957384,VS0,VE0[\r][\n]"
[DEBUG] http-outgoing-1 << "Vary: Accept-Encoding[\r][\n]"
[DEBUG] http-outgoing-1 << "X-Fastly-Request-ID: ac709041e3879b7efe701c11ea05c75d9baaf59e[\r][\n]"
[DEBUG] http-outgoing-1 << "[\r][\n]"
[DEBUG] http-outgoing-1 << HTTP/1.1 200 OK
[DEBUG] http-outgoing-1 << Connection: keep-alive
[DEBUG] http-outgoing-1 << Content-Length: 42605
[DEBUG] http-outgoing-1 << Server: GitHub.com
[DEBUG] http-outgoing-1 << Content-Type: application/json; charset=utf-8
[DEBUG] http-outgoing-1 << permissions-policy: interest-cohort=()
[DEBUG] http-outgoing-1 << x-origin-cache: HIT
[DEBUG] http-outgoing-1 << Last-Modified: Sun, 26 May 2024 05:09:13 GMT
[DEBUG] http-outgoing-1 << Access-Control-Allow-Origin: *
[DEBUG] http-outgoing-1 << Strict-Transport-Security: max-age=31556952
[DEBUG] http-outgoing-1 << ETag: W/"6652c3f9-140a25"
[DEBUG] http-outgoing-1 << expires: Sun, 26 May 2024 05:22:17 GMT
[DEBUG] http-outgoing-1 << Cache-Control: max-age=600
[DEBUG] http-outgoing-1 << Content-Encoding: gzip
[DEBUG] http-outgoing-1 << x-proxy-cache: HIT
[DEBUG] http-outgoing-1 << X-GitHub-Request-Id: 4C0C:925C7:C8867:FD1D8:6652C4B3
[DEBUG] http-outgoing-1 << Accept-Ranges: bytes
[DEBUG] http-outgoing-1 << Date: Sun, 26 May 2024 05:47:37 GMT
[DEBUG] http-outgoing-1 << Via: 1.1 varnish
[DEBUG] http-outgoing-1 << Age: 263
[DEBUG] http-outgoing-1 << X-Served-By: cache-hyd1100032-HYD
[DEBUG] http-outgoing-1 << X-Cache: HIT
[DEBUG] http-outgoing-1 << X-Cache-Hits: 2
[DEBUG] http-outgoing-1 << X-Timer: S1716702458.957384,VS0,VE0
[DEBUG] http-outgoing-1 << Vary: Accept-Encoding
[DEBUG] http-outgoing-1 << X-Fastly-Request-ID: ac709041e3879b7efe701c11ea05c75d9baaf59e
[DEBUG] ex-0000000002 connection can be kept alive for 3 MINUTES
[DEBUG] http-outgoing-1 << "[0x1f][0xffffff8b][0x8][0x0][0x0][0x0][0x0][0x0][0x0][0x3][0xffffffcc][0xffffffbd][0xffffffdd][0xffffff8e],Iv^[0xfffffff9].}[0xffffffad].[0xffffff86][0xffffffdb][0xffffff9f][0xffffff9b][0xfffffff1]9t5[0xffffff83][0xffffffb9][0xffffffe8]!{[0xffffffc8][0x6][0xffffff9a]l[0xffffffa2][0xffffff9b][0xffffff92][0x6]#[0xffffffe8][0xffffffdd]'22[0xffffffcf][0xffffffc9],[0xffffffdb]_[0x1c]U[0xfffffff8]i[0xffffffec][0xfffffff5]A[0x10][0x4][0xffffff8a][0xffffff9d][0xffffffe5]Fbaa[0xffffff95][0xffffff87][0xffffffed][0xffffffed][0xffffffff][0xfffffff3]w[0xffffffff][0xfffffff9][0xffffffa7][0x7f][0xfffffffb][0xffffffe3][0xffffffdf][0xfffffffe][0xfffffff3][0xf][0xffffffff][0xfffffff6][0x1f][0xffffffbf][0xfffffffb][0xffffffc7][0xffffffdf][0xffffff95][i[0xffffffbf][0xffffffbf][0xfffffff5][0xffffffdf][0xffffff97][0xfffffffe]_[0xffffffcb][0xffffffed][0x1f]o[0xffffffeb][0x1f][0xffffff8f][0xfffffffa][0xffffffcb][0xffffffad][0x1c][0xffffffff][0xffffffc7][0xffffffef][0xfffffffe][0xffffffcb][0xffffffef][0xfffffffe][0xfffffffb][0x1f][0xffffffff][0xfffffffa][0xffffffb7]?[0xfffffffd][0xffffffe5][0xffffffdf][0xffffffff][0xfffffff6][0xffffffbb][0x7f][0xfffffffc]?[0xffffffff][0xffffffe7][0xffffffb7][0xffffffff][0xffffffe2][0xfffffffe][0x17][0xffffffc7][0xffffffdb][0x7f][0xffffffe2][0xffffff97]>[0xffffffce][0xfffffff2][0xffffffcb][0xffffffed][0xfffffffe][0xffffff9f][0xfffffffa][0xffffffeb][0x1f][0xffffffff][0xfffffffb][0xffffff9f][0xffffffbe][0xffffffff]w[0xffffffca][0xffffffd1]z[0xffffffbf][0xffffffff][0x7f][0xfffffffe][0xfffffff3]_[0xfffffffe][0xffffffc7][0xffffffbf][0xffffffff][0xfffffff9]/[0x7f][0xfffffff8][0xffffffe7][0xfffffffb][0xffffffdf][0xfffffffe][0xffffffcf][0xffffffdf][0xfffffffd][0xffffffd3][0xffffffbf][0xfffffffe][0xfffffff5]/[0xffffffff][0xfffffff6][0xffffffc7][0xffffffc7]?[0xffffffe5]?[0xfffffffe][0xfffffffc][0xffffff87][0xffffffff][0xfffffffc][0x7f][0xfffffffe][0xfffffff2][0xffffffd7][0x7f][0xffffffbb][0xffffffff][0xffffff87][0xffffffff][0xfffffffc][0xffffffa7][0x7f][0xffffffff]o[0xffffffff][0xffffffef]h[0xfffffff7][0xffffffff][0xfffffff0][0x7f][0xfffffffb][0xffffffeb][0xffffff9f][0xffffffef][0xffffffff][0xfffffff5][0xffffffbf][0xfffffffe][0xffffffe7][0x7f][0xfffffffe][0xffffffc7][0xffffffdf][0xfffffffe][0xfffffff1][0x1f][0xfffffffe][0xffffffe1]o[0xffffffff][0xfffffff9][0xffffff97][0xffffffbf][0xfffffffe][0xffffffe1]_[0xfffffffe][0xfffffff8][0xffffffcb][0xffffffbf][0xfffffffc][0xffffffe5]/[0xffffffff][0xfffffff2][0xffffffe7]?[0xfffffffe][0xffffffe1]?[0xfffffffe][0xfffffff4][0xffffffb7]_[0xfffffffe][0xffffffe9]/[0xffffffff][0xfffffff6][0xf][0xffffffef][0xffffffff][0xffffff90][0xffffffdf][0xffffffdf][0xffffffff][0xfffffff8][0xfffffff7][0xffffffff]y?[0xfffffffc][0xffffff9f][0xfffffffe][0xfffffffd]_~[0xffffffff][0x1f][0xffffffff][0xffffffed][0xffffffff][0xfffffffe][0xfffffff3][0xffffff9f][0xfffffffe][0xffffffe9][0x1f][0xffffffbe][0xffffff9e][0xffffffe7][0x1f]>[0xfffffffe][0xffffffa9][0xffffffdf][0xfffffffe][0xffffffe3][0x1f][0xffffffff][0xffffffe5]/[0xffffffff][0xffffffdf][0xffffff9f][0xfffffffe][0xffffffe3]w[0xffffffff][0xffffffeb][0xffffffbf][0xfffffffc][0xffffffea][0xfffffff9][0xffffffff][0xfffffff6][0xffffff87][0x7f][0xfffffffa][0xfffffffd][0x1f][0xfffffffe][0xfffffffa]o[0x7f][0xfffffff7][0x13]|[0xffffffff][0xffffffe7]~[0xfffffffb][0xffffff83][0xffffffef][0xffffffff][0x1f][0xffffffcf]N[0xfffffff1][0xfffffff7][0xffffffff][0xffffffdf][0xffffffc2][0xffffffc7]?[0xfffffff5][0xffffffeb][0x9][0xffffff9e][0xfffffffc]o[0xffffffe1][0x7f][0xfffffffc][0xffffffe9][0xffffffdf]k[0xfffffff9];?[0xfffffffd][0xfffffff1][0xffffffcf][0xfffffffc][0xfffffff6][0x1f]~[0xfffffffc][0x17]O[0xffffff9e][0xfffffffc]w[0xffffffff][0xffffff9f][0xfffffffb][0xfffffff1][0xffffffcf][0xfffffffc][0xfffffff2][0xffffffe4]o[0xffffffff]3[0xffffffff]_[0xffffffff][0xffffffeb][0xffffffed][0xffffffe1][0x12][0xffffffe1][0xffffffda][0xffffffcd][0x18][0xffffffae][0x1d][0xffffff87][0xfffffff8]~[0x4][0xffffff9e][0xffffffe2][0xffffff8f]CP[0x18][0xffffffdf][0x1f]Oq[0xfffffffc][0xfffffffe][0xffffffe8]WA[0x1e][0xffffffd5][0xc][0xffffffe4]Qq[0xffffff90][0xffffffef]G[0xffffffe0]A[0xfffffffe]8[0x4][0x5][0xfffffff2][0xfffffffd][0xfffffff1][0x14][0xffffffc8][0xffffffef][0xffffff8f][0xfffffffe][0xffffff8d] [0xffffffb7][0xffffffc7]_[0xffffffad]![0xffffffa2]b[0xffffff94][0xffffffb1][0xffffffd2]9[0xfffffffe]<[0xf][0xffffff85][0xfffffff1][0xffffff97][0x13]`[0x14]ogH[0xffffff86][0xfffffff8][0xffffffcb][0xffffffd3][0xffffff93][0x19][0xfffffffe][0xfffffff5][0xffffff93]_A[0xfffffff8][0xffffffbc]M[0xffffff81][0xfffffff0][0xffffffac][0xfffffffd]`[0x10]~[0xffffff9c][0x7]E[0xfffffff8][0xfffffffd][0x4],[0xffffffc2][0xffffff9f]g [0x10]~[0x7f]:[0xffffff81][0xfffffff0][0xfffffff7]'[0xffffffbf][0xffffff86][0xfffffff0]R[0x8][0xfffffff7][0xffffffd6]([0xffffff84][0x17][0xffffff8e][0xfffffff0]2@x[0xffffffa1][0x8]/[0xc][0xffffffe1]u[0x1][0xffffffe1][0xffffffe3][0xffffffa6][0x10][0xffffff9e]uB[0x8][0xffffffbf][0xffffff9d][0xffffff87]E[0xfffffff8]q[0x2][0x18][0xffffffe1][0xffffffef]g@[0x10]~<[0x1d]A[0xfffffff8][0xffffffdb][0xffffff93]_C[0xfffffff8][0xfffffff8]%[0xfffffffe];[0xffffffdd]:[0xffffffc6][0xffffff8d]B[0xfffffff8]~[0x1e][0x18][0xffffffe1][0xffffffb7][0x13][0xffffffd0][0x8][0x7f];[0x3][0xffffff83][0xfffffff0][0xffffffdb][0xffffffd3][0x19][0xffffff84]?[0xffffff9e][0xfffffffc][0x1a][0xffffffc2]UXx[0xffffff9d][0xffffff83][\n]"
[DEBUG] http-outgoing-1 << "[0xffffff89][0xffffffb7][0xfffffff3][0xffffffc0][0x8]W[0x3][0xb]W[0xffffffd4][0xffffffc2][0x15][0xffffffb3]p[0xffffffbd]b[0xffffffe1][0x1e][0x11][0xffffffae][0xffffffb7]:+[0xffffff85]p[0xffffffc7][0x11][0xffffffee][0x6][0x8]w[0x14][0xffffffe1][0xffffff8e]![0xffffffdc][0xffffffaf] ,[0xffffffde]H[0xffffffd4][0xffffffa3][0x0]/[0xffffff87]?[0xffffffcf][0x3]#l[0xfffffff0]F[0xffffffe2]@[0xffffffdf]H[0x1c][0xffffffd8][0x1b][0xffffff89][0xffffffe3][0xffffffca][0x1b][0xffffff89]r[0xfffffffb][0xffffffa5]E[0xffffff84][0xffffffe7]m@[0x8][0xffffffbf][0xffffff9d][0xffffff87]E[0xfffffff8]q[0x2][0x18][0xffffffe1][0xffffffef]g@[0x10]~<[0x1d]A[0xfffffff8][0xffffffdb][0xffffff93]_CX[0xffffffdc][0xffffff97][0xffffffa8][0xffffffa5]q[0x8][0xffffff83][0xfffffff7]%[0xffffffbe][0xffffff9c][0xffffff80]F[0x18][0xffffffba]/[0xfffffff1][0xffffffe5][0xffffffe9][0xc][0xffffffc2][0xffffffaf][0xffffffdd][0xffffff97][0xfffffff8][0xfffffff8][0xffffffa3]&[0x10][0xffffffae][0xffffffb7][0xffffff83]z#[0xfffffff1]v[0x1e][0x18][0xffffffe1]f[0xffffff80]pC[0x11]n[0x18][0xffffffc2][0xffffffed][\n]"
[DEBUG] http-outgoing-1 << "[0xffffffc2][0xffffffaa][0xffffff85][9[0xffffffa8]_[0xffffffe7][\n]"
[DEBUG] http-outgoing-1 << "[0xffffffde][0xffffffc2][0xffffffc5][0xffffffa0][0xffffff85][0xb][0xffffffda][0xffffffc2][0x5]k[0xffffffe1]r[0xffffffa5][0xffffff85][0xffffffab][\n]"
[DEBUG] http-outgoing-1 << "[0xffffff89][0xffffffd6]V[0xffffff81][0x10][0xffffffae]xHT[0xffffff83][0xffffff90][0xffffffa8]hHT,$[0xffffffea][0xffffff95][0xffffff90][0xffffffa8][0xffffffe2][0xffffffbd]pm[0xfffffff3][0xffffffa4][0xffffffde]HT[0xfffffffc][0xffffffbd]p5x/\[0xffffffd1][0xfffffff7][0xffffffc2][0x15]{/\[0xffffffaf][0xffffffbc][0x17][0xffffffae][0xffffffaa][0xffffff85][0xfffffffb]q[0xffffffc3][0x10][0xffffffc6][[0xffffffb8][0x1a][0xffffffb4][0xfffffff0][0xfffffff7]30[0x8]c-[0xfffffffc][0xffffffed][0xffffffc9][0xffffffaf]![0xffffffac]~[0xffffffda][0xffffffe8][0xfffffffd][0xffffffa4][0xfffffffe]u[0xffffffae][0xffffffe2]?mT[0xffffff83][0xffffff9f]6*[0xfffffffa][0xffffffd3]F[0xffffffc5]~[0xffffffda][0xffffffa8]W~[0xffffffda][0xffffffb8][0xffffffff]Q1C[0xffffffb8][0xffffffe0][0x8][0x17][0x3][0xffffff84][0xb][0xffffff8a]p[0xffffffc1][0x10].W[0x10][0xe][0xffffffd7]|`[0xffffff84][0xffffffe1]k>[0xffffff8f][0x13][0xfffffff0][0x8][0xffffff83][0xffffffd7]|[0x1e]O[0xffffffa7][0x10]~[0xfffffffd][0xffffff9a][0xffffffcf][0xfffffffd][0xffffff8f][0xffffff86][0x19][0xffffffc2][0x3]Gx[0x18] <P[0xffffff84][0x7][0xffffff86][0xfffffff0][0xffffffb8][0xffffff82][0xfffffff0][0xffffffe1][0xffffffc6][0xfffffff0][0xffffffc1]C|8P|[0xffffffb0][0x18][0x1f][0x1c][0xffffffc7][0xffffffc7]%[0xffffff90][0xffffff8b][0x1b][0xffffffc8][0xffffff85][0x7][0xffffffb9]8[0xffffff80]\X[0xffffff90][0xb][0x7]r[0xffffffb9][0x4]r[0x1c][0xffffffce][0xffffff87]A[0xffffffe6][0xffffff86][0xfffffff3][0xffffffbf][0x1e][0xffffff81][0x7][0xffffff99][0x19][0xffffffce][0xffffffff][0xfffffffa]x[\n]"
[DEBUG] http-outgoing-1 << "[0xffffffe4][0xffffff97][0xffffff86][0xfffffff3][0xffffffbf][0xffffffff]Us[0x3][0xffffffb9][0xfffffff1] 7[0x7][0xffffff90][0x1b][0xb]r[0xffffffe3]@n[0xffffff97]@^n/[0xffffff8c][0x17][0xffffffff][0xffffffc6][0xfffffff8]~[0x4][0x1e][0xffffffe4][0xffffff8f]CP /[0xffffffee][0xffffffa5][0xfffffff1][0xffffffba][0xfffffff4][0xffffffd6][0xfffffff8][0xffffffa8]n/[0xffffffdd][0xffffffee]'[0xffffffc2]Q~;[0x3][0xffffffcf][0xfffffff2][0xffffffb7]SP0[0xffffffbf]=[0xffffff9f][0xffffffa2][0xfffffff9][0xffffffe3][0xffffffd9][0xffffffbf][0x11][0xffffffe7][0xfffffffe][0xfffffffe]gb\[0xffffffbf][0xffffff9e][0xffffffb7][0xffffff91][0x7f]![0xffffffe8][0xfffffff3]<[0x14][0xffffffca]_N[0xffffff80][0xffffff81][0xffffffbc][0xffffff9d]![0x19][0xffffffe3]/OO[0xffffff86][0xfffffff8][0xffffffd7]O~[0x9][0xffffffe1]&[0xffffffc6][0xfffffff5][0xffffffeb]Yg[0xfffffffe][0xffffffb5][0xffffffcc][0xffffffcf][0xfffffff3][0xffffffb0][0x8]7t\[0x7f];[0x3][0xffffff82]p[0x3][0xffffffc6][0xfffffff5][0x7f][0xfffffffd][0xffffffe4][0xffffffd7][0x10]>[0x14][0xffffffc2][0xffffffbd][0xffffffe5]'[0xffffffc5][0xffffffe7]y`[0xffffff84][0xf][0x3][0xffffff84][0xf][0x14][0xffffffe1][0x3]C[0xfffffff8][0xffffffb8][0xffffff82][0xffffffb0][0xffffffba]Y|[0xfffffff6]uR[0x8][0xffffff83]7[0xffffff8b][0xffffffbf][0xffffff9c][0xffffff80]F[0x18][0xffffffba]Y[0xfffffffc][0xffffffe5][0xffffffe9][0xc][0xffffffc2][0xffffffaf][0xffffffdd],[0xfffffffe][0xfffffff8]#u[0xffffffb3][0xfffffff8][0x1c]-[0x7f][0xffffff81][0xffffffe0][0xffffffe7]y`[0xffffff84][0xffffffd1][0xffffff9b][0xffffffc5][0xffffffdb][0x19][0x18][0xffffff84][0xffffff81][0xffffff9b][0xffffffc5][0xffffffbf]~[0xfffffff2]k[0x8]7[0xffffff89][0xfffffff0][0xffffffca][0xffffffdf]8[0xfffffff1]y[0x1e][0x18][0xffffffe1]f[0xffffff80]pC[0x11]n[0x18][0xffffffc2][0xffffffed][\n]"
[DEBUG] http-outgoing-1 << "[0xffffffc2][0xffffffa7]@x[0xffffff96][0xffffff82][0xffffff85][0xffffffc4][0xffffff89]#|[0x1a] |[0xffffffa2][0x8][0xffffff9f][0x18][0xffffffc2][0xffffffe7][0x15][0xffffff84][0xffffffd5]K[0xffffffb5]9;fa[0xfffffffc][0xffffffa5]Z3x[0xffffffa9][0xffffffd6][0xffffffd0][0xffffff97]j[\r]{[0xffffffa9][0xffffffd6][0xffffffae][0xffffffbc]T[0xffffffeb][0xffffffea][0xffffffa5][0xffffffda]*[0x7][0xffffff85]p[0xffffffc7]_[0xffffffaa]u[0xffffff83][0xffffff97]j[0x1d]}[0xffffffa9][0xffffffd6][0xffffffb1][0xffffff97]j[0xfffffffd][0xffffffca]K[0xffffffb5][0xffffffae]^[0xffffffaa][0xffffffad]V[0xffffffa8][0xffffff97]j[0x1d][0x7f][0xffffffa9][0xffffffd6][\r]^[0xffffffaa]u[0xfffffff4][0xffffffa5]Z[0xffffffc7]^[0xffffffaa][0xfffffff5]+/[0xffffffd5][0xffffffee][0x7f][0x14]G[0xffffff94]X[0xffffff84][0xffffffb1][0x11][0xffffffa5]/'[0xffffffe0][0x11]FF[0xffffff94][0xffffffbe]<[0xffffff9d]B[0xfffffff8][0xffffff95][0x11][0xffffffa5][0xffffff8f]?*[\n]"
[DEBUG] http-outgoing-1 << "[0xffffffe1]{WS[0x8][0x17][0x1c][0xffffffe1]b[0xffffff80]pA[0x11].[0x18][0xffffffc2][0xffffffe5][\n]"
[DEBUG] http-outgoing-1 << "[0xffffffc2]"
[DEBUG] http-outgoing-1 << "[0xffffffe2][0xffffffbd]p[0xffffffbb][0xffffffdd]J[0xfffffffe][0xfffffff6][0xffffffb5][0xffffffcf][0xfffffff3][0xffffffc0][0x8][0x1b][0xffffffbc][0x17][0xffffffee][0xffffffe8]{[0xffffffe1][0xffffff8e][0xffffffbd][0x17][0xffffffee]W[0xffffffde][0xb][0xfffffff7][0xffffffae][0x10][0xffffffee][0xffffffc0][0xffffffc6][0xffffff89][0xffffffcf][0xfffffff3][0xffffffc0][0x8]w[0x3][0xffffff84];[0xffffff8a]p[0xffffffc7][0x10][0xffffffee]W[0x10][0x16][0xffffff9f][0xfffffff7][0xffffffba]#[0xffffff8c][0xffffffdd]T[0xffffffeb][0xffffffe0][0xffffffe7][0xffffffbd][0xffffffbe][0xffffff9c][0xffffff80]F[0x18][0xfffffffa][0xffffffbc][0xffffffd7][0xffffff97][0xffffffa7]3[0x8][0xffffffbf][0xfffffff6]y[0xffffffaf][0xffffff8f]?[0x12]?m[0xffffffb4][0xffffffdb][0xffffffe0],[0xffffff8c][0xffffffff][0xffffffb4][0xffffffd1][\r]~[0xffffffda][0xffffffe8][0xffffffe8]O[0x1b][0x1d][0xfffffffb]i[0xffffffa3]_[0xfffffff9]i[0xffffffa3][0xffffff8b][0x1d][0xffffff98]w[0xffffff84][0xffffff81][0xf][0xffffffcb]|[0xffffff9e][0x7]F[0x18][0xffffffdd][0xffffff81][0xffffffb9][0xffffff9d][0xffffff81]A[0x18][0xffffffd8][0xffffff81][0xfffffff9][0xffffffeb]'[0xffffffbf][0xffffff86][0xffffffb0][0xfffffff8]u[0xffffffae][0xffffffdd][0xffffffce][0xffffff93][0xffffffba]/[0xffffffdc][0xfffffff1]_[0xffffffe7][0xffffffba][0xffffffc1][0xffffffaf]s[0x1d][0xfffffffd]u[0xffffffae]c[0xffffffbf][0xffffffce][0xfffffff5]+[0xffffffbf][0xffffffce][\r][0xfffffff1][0xffffffd3]FC[0xffffffbe][0xffffffca][0xfffffff1]y[0x1e][0x16][0xffffffe1]a[0xfffffff0][0xffffffd3][0xffffffc6]@[0x7f][0xffffffda][0x18][0xffffffd8]O[0x1b][0xffffffe3][0xffffffca]O[0x1b]C[0xffffffdc][0x17]n[0xffffffc7][0xffffffa8][0xffffffd4]K[0xffffffb5][0xffffff81][0xffffffdf][0x17][0x1e][0x6][0xfffffff7][0xffffff85][0x7]z_x`[0xfffffff7][0xffffff85][0xffffffc7][0xffffff95][0xfffffffb][0xffffffc2][0xfffffff7]?jf[0x8]c[0x1f][0xffffff96][0xfffffff9]r[0x2][0x1e]a[0xffffffe4][0xffffffc3]2_[0xffffff9e]N![0xfffffffc][0xffffffca][0xffffff87]e>[0xfffffffe]H[0xfffffffd][0xffffffb4]q[0xffffffac]A[0xffffffb5][0xfffffff0][0xffffffc0][0x7f][0xffffffda][0x18][0x6]?m[0xc][0xfffffff4][0xffffffa7][0xffffff8d][0xffffff81][0xfffffffd][0xffffffb4]1~[0xfffffff8][0xffffffd3][0xffffffc6][0x7f][0xfffffff9][0xffffff80][0xfffffff0][0xffffff9f][0xffffffff][0xfffffffa][0xffffffa7];[0xffffffc8][0x4][0xffffff8a][0xffffffef]Ov[0x0][0xfffffff2][0xffffffe3]$8[0xffffff96]_[0xffffffce][0x1][0xffffffc1][0xfffffff9]q[0x2][0xc][0xffffffd1][0xffffffcf][0xffffffe7][0xffffffff]o][0xffffffdb][0xffffff85]k[0xffffffcb][0x0]>+[0xfffffffe]y[0x1e][0xffffffd8][0xffffffb5][0xffffffdd][0xffffffc0][0xffffffb5]=@[0xffffff9d][0xffffff89]s[0xffffffc7]\[0xffffffdb][0xffffff9d]\[0x1b]Qd\[0xffffffab][0xffffff80]d\[0x1b][0xffffffb1][0xffffffcc]w[0xffffffed][0xe]g[0xffffffb6]kwD_p[0xffffffad][0xfffffffa][0xffffffa5][0xffffffad][0x1e][0x13]s-[0xfffffffe]K[0xffffffdb]0[0xfffffff8][0xffffffa5]m[0xffffffa0][0xffffffbf][0xffffffb4][\r][0xffffffec][0xffffff97][0xffffffb6][0xfffffff1][0xffffffc3]_[0xffffffda][0xffffffb2]][0x1b]Qd\[0xffffffab][0xffffff80]d\[0x1b][0xffffffb1][0xffffffcc]w[0xffffffed][0xe]g[0xffffffb6]kwD_p[0xffffffad][0xfffffffa]I[0xffffffb8][0xfffffff6][0xffffff8a][0xfffffffd][0x18][0xffffff81][0xffffffff]$<[0xc]~[0x12][0x1e][0xffffffe8]O[0xffffffc2][0x3][0xfffffffb]Ix[0xfffffffc][0xfffffff0]'[0xffffffe1]l[0xffffffd7]F[0x14][0x19][0xffffffd7]* [0x19][0xffffffd7]F,[0xfffffff3]][0xffffffbb][0xffffffc3][0xffffff99][0xffffffed][0xffffffda][0x1d][0xffffffd1][0x17]\[0xffffffab][0xffffffee].[0xffffffd4][0xffffffd1][0xffffffa9][0x15]%[0x3][0xffffffbf][0xffffffbb]0[0xc][0xffffffee].[0xc][0xfffffff4][0xffffffee][0xffffffc2][0xffffffc0][0xffffffee].[0xffffff8c][0x1f][0xffffffde]][0xffffffc8]vmD[0xffffff91]q[0xffffffad][0x2][0xffffff92]qm[0xffffffc4]2[0xffffffdf][0xffffffb5];[0xffffff9c][0xffffffd9][0xffffffae][0xffffffdd][0x11][0xfffffffd][0xffffffed][0xffffffae]=[0xffffffc5][0x8]|[0xffffffab][0xffffffe7]AM[0xffffffae][0xffffff9d][0xfffffff8][0x8][0xfffffffc]i0[0x2][0x7f][0xffffffa2]#[0xfffffff0]'6[0x2][0x7f][0xfffffffe]p[0x4]>[0xffffffd9][0xffffffb5][0x2]E[0xffffffc4][0xffffffb5][0x12]H[0xffffffc4][0xffffffb5][0x2][0xffffffcb]t[0xffffffd7][0x6]8[0xffffff93]][0x1b][0x10]}[0xffffffc1][0xffffffb5][0xffffffea]Bc[0xffffffbd][0xffffff97]2[0xffffffe5]Z[0xfffffffc]B[0xffffffe3]ip[0xffffffa1][0xfffffff1]D/4[0xffffff9e][0xffffffd8][0xffffff85][0xffffffc6][0xfffffff3][0xffffff87][0x17][0x1a][0xffffffb3]][0x1b]Qd\[0xffffffab][0xffffff80]d\[0x1b][0xffffffb1][0xffffffcc]w[0xffffffed][0xe]g[0xffffffb6]kwD_p[0xffffffad][0xffffffba]y[[0xffffffe7]A][<[0xfffffff1][0xffffff9b][0xffffffb7][0xffffffa7][0xffffffc1][0xffffffcd][0xffffffdb][0x13][0xffffffbd]y{b7o[0xffffffcf][0x1f][0xffffffde][0xffffffbc][0xffffffcd]vmD[0xffffff91]q[0xffffffad][0x2][0xffffff92]qm[0xffffffc4]2[0xffffffdf][0xffffffb5];[0xffffff9c][0xffffffd9][0xffffffae][0xffffffdd][0x11]}[0xffffffc1][0xffffffb5][0xffffffea]~m][0xffffffc0][0xffffffb7][0xffffff82]>[0xffffffcf][0x3][0xffffffbb][0xffffffd6][0xffffffe0]~[0xffffffed][0x19]/2f[0xffffffe2][0xffffff8c][0xffffffdd][0xffffffaf]=[0xfffffff7][0xffffffcb][0xffffff8b][0xffffffa8]kM[0xffffffee][0xffffffd7]J [0x19][0xffffffd7][0x1a][0xffffffdc][0xffffffaf][\r]pf[0xffffffbb][0xfffffff6][0xfffffffa][0xfffffffd][0xffffffda][0xfffffffb][0xffffff9f]63[0xffffffd7][0xffffffc2][0xffffffe3]8[0xffffff8f][0x13][0xfffffff0][0xffffffae][0x5][0xffffffc7]q[0x1e]O[0xffffffa7]\[0xfffffffb][0xffffff83]q[0xffffff9c]|[0xffffffd7][0xffffffee](R[0xffffffae][0xffffff8d]@R[0xffffffae][0xffffffdd][0xffffffb1]$\[0xffffffdb]`[0xffffffd7][0xffffffb6][0xffffffab][0xffffffae]U[0xffffffcb][0xffffff98][0xffffffda][0xffffffc2][0xffffffd6]C[0xffffff9f][0xfffffff8]2[0xffffffa6][0xffffffd3]`[0x19][0xffffffd3][0xffffff89].c:[0xffffffb1]eL[0xffffffe7][0xf][0xffffff97]1e[0xffffffbb]6[0xffffffa2][0xffffffc8][0xffffffb8]V[0x1][0xffffffc9][0xffffffb8]6b[0xffffff99][0xffffffef][0xffffffda][0x1d][0xffffffce]l[0xffffffd7][0xffffffee][0xffffff88][0xffffffbe][0xffffffe0]Z5[0xffffffcb][0xffffffd0][0xb][0xfffffff6]5[0xffffff89][0x13][0xffffff9f]e8[\r]f[0x19][0xffffffce]xi<[0x13]gl[0xffffff96][0xffffffe1][0xffffffdc]/[0xffffff8a][0xffffffa3][0xffffffae]5[0xffffff99]e[0xffffff90]@2[0xffffffae]5[0xffffff98]e[0x8]pf[0xffffffbb][0xfffffff6][0xfffffffa],[0xffffffc3]T[0xfffffff7][0x10]F[0xffffffc3]>[0x1]8[0xfffffff1]{[0x8][0xffffffd3][0xffffffe0][0x1e][0xffffffc2][0xffffff8c]?[0xfffffff8]&[0xffffffe2]<[0xffffffb1]{[0x8]s[0xffffffff][0xffffff91][0xffffff97]t[0xffffffad]@[0x11]q[0xffffffad][0x4][0x12]q[0xffffffad][0xffffffc0]2[0xffffffdd][0xffffffb5][0x1][0xffffffce]d[0xffffffd7][0x6]D_pmW[0xffffffae]][0xffffffa5]Q[0xffffffae][0xffffffed][0xffffffb8]k[0xffffffbb][0xffffff81]k{[0xffffff80]:[0x13][0xffffffe7][0xffffff8e][0xffffffb9][0xffffffb6];[0xffffffb9]6[0xffffffa2][0xffffffc8][0xffffffb8]V[0x1][0xffffffc9][0xffffffb8]6b[0xffffff99][0xffffffef][0xffffffda][0x1d][0xffffffce]l[0xffffffd7][0xffffffee][0xffffff88][0xffffffbe][0xffffffe0]Z57v[0xffffffde][0xffffffff][0xffffff89][0xffffff94]k[0xfffffff1][0xffffffb9][0xffffffb1]i076[0xffffffe3][0xffffff80]N&[0xffffffce][0xffffffd8][0xffffffdc][0xffffffd8][0xffffffdc][0xffffff87]rP[0xffffffd7][0xffffff9a][0xffffffcc][0xffffff8d]I [0x19][0xffffffd7][0x1a][0xffffffcc][0xffffff8d][0x5]8[0xffffffb3]]{}nl[0xffffffdd]~[0xffffffa9][0xffffffc1][0xffffffb5][0xfffffff3][0xfffffffe][0x7f]![0xffffffd7][0xffffffbe][0xffffff9d][0xffffff87]u[0xffffffed][0xffffffe3][0x4][0xffffffb0]k[0xffffffbf][0xffffff9f][0x1]q[0xffffffed][0xffffffe3][0xffffffe9][0xffffff88]k[0xffffffbf]=[0xffffffd9][0xffffffc2][0xffffffb5][0x2]E[0xffffffc4][0xffffffb5][0x12]H[0xffffffc4][0xffffffb5][0x2][0xffffffcb]t[0xffffffd7][0x6]8[0xffffff93]][0x1b][0x10]}[0xffffffc9][0xffffffb5][0xffffff87][0xffffff9b]l[0xf][0xffffffde][0xffffffb6][0xffffff87][0xffffff83]n[0xf][0xffffffd6][0xffffffb7][0x7]'[0xffffffdc][0xffffffc3][0xffffffca][0xffffffb8][0xffffff81]GJ[0xffffffb9][0xffffff82]J[0xffffffca][0xffffffb9][0xffffff81]MB[0xffffffba][0x7]m[0xffffffdd][0xffffffe3]'[0xffffffb4][0xfffffffb]xM[0xffffffeb][0xffffffa4][0xffffffdd][0x2]_[0xffffffb6]}?[0x2][0xffffffaf][0xffffffdd][0x2]^[0xffffffb7]}[0x7f]<[0xffffffa5][0xffffffdd][0xffffffe2]s[0xffffffe1]V[0xfffffff1]HiWPIi7[0xffffffb0]Ih[0xffffffb7][0xffffffa0][0xffffff97]n#[0xffffffa7]/i[0xffffffb7][0xf]3[0xffffffed][0xfffffff6][0xffffff81]k[0xfffffff7]~[0x4]^[0xffffffbb][0x1f][0xffffff87][0xffffffa0][0xffffffb4]{[0x7f]<[0xffffffa5][0xffffffdd][0xfffffff7]G[0xffffffbb]h7[0xfffffff0]HiWPIi7[0xffffffb0]Ihw#4_[0xffffffbb][0x1b][0xffffffa7]/i[0xfffffff7][0xffffffec]f[0xffffffda]=;[0xffffffae][0xffffffdd][0xfffffffb][0x11]x[0xffffffed]~[0x1c][0xffffff82][0xffffffd2][0xffffffee][0xfffffffd][0xfffffff1][0xffffff94]v[0xffffffdf][0x1f][0xffffffed][0xffffffa2][0xffffffdd][0xffffffc0]#[0xffffffa5]]A%[0xffffffa5][0xffffffdd][0xffffffc0]&[0xffffffa1][0xffffffdd][0xffffff8d][0xffffffd0]|[0xffffffed]n[0xffffff9c][0xffffffbe][0xffffffa4][0xffffffdd][0x15]/-[0xffffffb0][0xffffffda]][0xfffffff0][0xffffffad][0xffffff85][0xfffffff7]#[0xfffffff0][0xffffffda][0xfffffffd]8[0x4][0xffffffa5][0xffffffdd][0x5]]\[0xfffffff8][0xfffffffe]h[0x17][0xffffffed][0x6][0x1e])[0xffffffed][\n]"
[DEBUG] http-outgoing-1 << "*)[0xffffffed][0x6]6[0x9][0xffffffed].[0xfffffff4][0xfffffff6]B[0xffffffe4][0xfffffff4]5[0xffffffed]N7[0xffffffed]N^[0xffffffbb][0xffffffd3]A[0xffffffbb][0xffffff93][0xffffffd5][0xffffffee][0xffffffe4][0xffffffb4];[0xffffffad][0xffffffb4][0xffffffbb][0xfffffff3][0xffffff88]i7R[0xffffff89]iwg[0x13][0xffffffd1][0xffffffee][0xffffffa4][0xffffffb5];[0xffffffaf]k[0xfffffff7][0xffffffb8][0x15]3[0xffffffef][0xffffffde]O[0xffffff84][0xffffff8b][0xfffffff7][0xffffffed][0xc][0xffffffbc]y[0xffffffbf][0xffffff9d][0xffffff82]R[0xffffffef][0xffffffdb][0xfffffff3])[0xfffffff7]~<[0xffffffdb]E[0xffffffbe][0x11]J[0xffffffca][0xffffffbe][\n]"
[DEBUG] http-outgoing-1 << "MJ[0xffffffbf][0x11]P[0xffffffc2][0xffffffbf];[0xffffffa6][0xfffffff9][0x2][0xffffffde]a}[0xffffffcd][0xffffffc0][0xffffffa7][0xffffffdb][0xb][0xffffff87][0xfffffffb][0xffffff89]x[0x3][0xffffffdf][0xffffffcf]``[0xffffffe0][0xffffff8f]S`[0x6]>[0xffffffb9][0xffffff97][0xe][0x1f][0xffffffcf][0xffffffb6]1p[0xffffff80][0x12]3[0xffffffb0]@[0x13]3p[0x0][0x14]1[0xfffffff0]I[0xffffffbf]y[0xffffffd8]a[0xfffffffd]-"
[DEBUG] http-outgoing-1 << "[0x6][0x1e][0xffffffef][0x7f][0xffffffac][0xffffffb6]/[0xffffffcc][0xffffffb3][0xffffffe6][0xfffffffb][0xfffffff7][0xfffffff3]<[0xffffff94]}[0xffffffbf][0xffffff9c][0x0]s[0xffffffef]v[0xffffff86]d[0xfffffff3]~yz[0xffffffb2]w[0x7f][0xfffffffd]d[0xffffffd8][0xffffffba]OQLv[0xffffffee][0xf][0xffffff80]L6[0xffffffee]S,[0x13]}[0xfffffffb][0x4][0xffffffce]4[0xffffffdb]>A[0xfffffff4][0x5][0xffffffd7][0xffffffaa][0xffffffcd][0xffffffe4][0xffffffab][0xffffff8e]B[0xffffffb9][0x16][0xffffffdc]L[0xfffffffe][0xffffffe5][0x4][0xffffffb4]k[0xffffffa1][0xffffffcd][0xffffffe4]_[0xffffff9e][0xffffffce][0xffffffb8][0xffffffd6]c3[0xfffffff9]S[0x14][0x19][0xffffffd7][0x1a]l&[0x7f][0xffffff8a]e[0xffffffbe]k[0xffffffb1][0xffffffcd][0xffffffe4]O[0x10]}[0xffffffc1][0xffffffb5]M[0xffffffb9]v[0xfffffff4][0xfffffffc][0xffffffcd][0xffffffe4][0xffffff9f][0xffffffe7][0xffffff81]][0xffffffdb][0xc]\[0xffffffdb][0x2][0xffffffd4][0xffffff99]87[0xffffffcc][0xffffffb5][0xffffffcd][0xffffffc9][0xffffffb5][0x11]E[0xffffffc6][0xffffffb5][\n]"
[DEBUG] http-outgoing-1 << "H[0xffffffc6][0xffffffb5][0x11][0xffffffcb]|[0xffffffd7][0xffffffee]pf[0xffffffbb]vG[0xfffffff4][0x5][0xffffffd7]v[0xffffffe5][0xffffffda]u`[0xffffffae][0xffffffed][0xffffffb8]k[0xffffffbb][0xffffff81]k{[0xffffff80]:[0x13][0xffffffe7][0xffffff8e][0xffffffb9][0xffffffb6];[0xffffffb9]6[0xffffffa2][0xffffffc8][0xffffffb8]V[0x1][0xffffffc9][0xffffffb8]6b[0xffffff99][0xffffffef][0xffffffda][0x1d][0xffffffce]l[0xffffffd7][0xffffffee][0xffffff88][0xffffffbe][0xffffffe0][0xffffffda][0x11]][0xffffffdb]o[0xffffffb7][0xffffff81][0xffffffb9]v[0xffffffe0][0xffffffae][0x1d][0x6][0xffffffae][0x1d][0x1][0xffffffea]L[0xffffff9c][0x7][0xffffffe6][0xffffffda][0xffffffe1][0xffffffe4][0xffffffda][0xffffff88]"[0xffffffe3]Z[0x5]$[0xffffffe3][0xffffffda][0xffffff88]e[0xffffffbe]kw8[0xffffffb3]][0xffffffbb]#[0xfffffffa][0xffffff82]k[0xffffffc5]W [0xffffffee][0xffffffae]][0xffffffd8][0xfffffffb]Z[0xfffffff0]+[0x10]_N@[0xffffffbb][0x16][0xfffffffa][\n]"
[DEBUG] http-outgoing-1 << "[0xffffffc4][0xffffff97][0xffffffa7]3[0xffffffae][0xfffffff5][0xfffffff8][\n]"
[DEBUG] http-outgoing-1 << "[0xffffffc4]S[0x14][0x19][0xffffffd7][0x1a]|[0x5][0xffffffe2])[0xffffff96][0xfffffff9][0xffffffae][0xffffffc5][0xffffffbe][0x2][0xfffffff1][0x4][0xffffffd1][0x17]\;[0xffffff95]k[0xffffff8f]#[0xffffffff]+[0x10][0xffffff9f][0xffffffe7][0xffffff81]];[\r]\;[0x3][0xffffffd4][0xffffff99]8O[0xffffffcc][0xffffffb5][0xffffffd3][0xffffffc9][0xffffffb5][0x11]E[0xffffffc6][0xffffffb5][\n]"
[DEBUG] http-outgoing-1 << "H[0xffffffc6][0xffffffb5][0x11][0xffffffcb]|[0xffffffd7][0xffffffee]pf[0xffffffbb]vG[0xfffffff4][0x5][0xffffffd7][0xffffff8a][0xffffffcd][0xffffffe4]w[0xffffffd7][0x2]_7[0xfffffffb]<[0xf][0xffffffec]Zt3[0xfffffff9]v[0x6][0xffffffc6][0xffffffb5][0xffffffc0]f[0xfffffff2]_?[0xffffffd9][0xffffffc3][0xffffffb5][0xfffffff8]f[0xfffffff2][0x1f][0x0][0xffffffc9][0xffffffb8][0x16][0xffffffdd]L[0xfffffffe][0x4][0xffffffce]l[0xffffffd7]^[0xffffffd9]L[0xfffffffe][0xfffffff8][0xffffffd3]y[0xffffffbb])[0xffffffd7][0xffffff96][\n]"
[DEBUG] http-outgoing-1 << "[0xffffffb9][0xfffffff6]q[0x1e][0xffffffd4][0xffffffb5][0xffffffef]'`][0xfffffffb]y[0x6][0xffffffc2][0xffffffb5][0xffffffef]O'\[0xfffffffb][0xfffffffd][0xffffffc9][0xe][0xffffffae]U([0x12][0xffffffae][0xffffffd5]@[0x12][0xffffffae]UXf[0xffffffbb]6[0xffffffc2][0xffffff99][0xffffffeb][0xffffffda][0xffffff88][0xffffffe8][0xb][0xffffffae][0x15][0xffffffb3][0xc][0xfffffffd]V+[0xfffffff4][0xe][0xffffffe1]q[0x1e][0xffffffd8][0xffffffb5][0xfffffffc],[0xffffffc3][0xffffffe7][0x19][0x18][0xffffffd7]R[0xffffffb3][0xc][0xffffffdf][0xffffff9f][0xffffffec][0xffffffe1]Z[0xffffff8f]Y[0x6][\r]$[0xffffffe3]Z~[0xffffff96]![0xffffffc2][0xffffff99][0xffffffed][0xffffffda][0xffffffcb][0xffffffb3][0xc][0xfffffff3]V[0xffffff94]k[0xffffffdb]8)[0xffffffd7][0x16][0xffffffdc][0xffffffb5][0xffffffc5][0xffffffc0][0xffffffb5]%@[0xffffff9d][0xffffff89]s[0xffffffc1]\[[0xffffff9c]\[0x1b]Qd\[0xffffffab][0xffffff80]d\[0x1b][0xffffffb1][0xffffffcc]w[0xffffffed][0xe]g[0xffffffb6]kwD_pm[0xfffffffd]%l[0xffffffa9][0xffffffe9][0xffffffb7]U0[0xffffffd7][0xffffffde][0xffffffcf][0x3][0xffffffbb][0xfffffff6][0xffffffed][0x4][0xffffffb4]k[0xffffffbf][0xffffff9d][0xffffff81]q[0xffffffed][0xffffffdb][0xffffffd3][0x19][0xffffffd7]~<[0xffffffd9][0xffffffc3][0xffffffb5][0x11]E[0xffffffc6][0xffffffb5][\n]"
[DEBUG] http-outgoing-1 << "H[0xffffffc6][0xffffffb5][0x11][0xffffffcb]|[0xffffffd7][0xffffffee]pf[0xffffffbb]vG[0xfffffff4][0x5][0xffffffd7][0xffffff8a][0xffffffb9][0xffffffb1]~[0x1c][0x15]s-=7[0xfffffff6]~[0x2][0xffffffda][0xffffffb5][0xffffffe4][0xffffffdc][0xffffffd8][0xfffffffb][0xffffffd3][0x19][0xffffffd7][0x1a][0xffffffcd][0xffffff8d])[0x14][0x19][0xffffffd7][0xffffffba][0xffffffcc][0xffffff8d]),[0xfffffff3]][0xffffffcb][0xffffffce][0xffffff8d]ED_p[0xffffffad][0xffffff98][0x1b][0xffffffeb]G[0xffffffeb][0xffffff93]r-=7[0xfffffff6]~[0x2][0xffffffda][0xffffffb5][0xffffffe4][0xffffffdc][0xffffffd8][0xfffffffb][0xffffffd3][0x19][0xffffffd7][0x1a][0xffffffcd][0xffffff8d])[0x14][0x19][0xffffffd7][0xffffffba][0xffffffcc][0xffffff8d]),[0xfffffff3]][0xffffffcb][0xffffffce][0xffffff8d]ED_p[0xffffffed]P[0xffffffae]=[0x1b][0xffffffd6][0xffffffb5][0x3]w[0xffffffed]0p[0xffffffed][0x8]Pg[0xffffffe2]<0[0xffffffd7][0xe]'[0xffffffd7]F[0x14][0x19][0xffffffd7]* [0x19][0xffffffd7]F,[0xfffffff3]][0xffffffbb][0xffffffc3][0xffffff99][0xffffffed][0xffffffda][0x1d][0xffffffd1][0x17]\[0xffffffab][0xffffffe6][0xffffffc6][0xffffffca]qb[0xffffffae][0xffffffa5][0xffffffe7][0xffffffc6][0xffffffde]O@[0xffffffbb][0xffffff96][0xffffff9c][0x1b]{[0x7f]:[0xffffffe3]Z[0xffffffa3][0xffffffb9]1[0xffffff85]"[0xffffffe3]Z[0xffffff97][0xffffffb9]1[0xffffff85]e[0xffffffbe]k[0xffffffd9][0xffffffb9][0xffffffb1][0xffffff88][0xffffffe8][0xb][0xffffffae]Usc[0xffffffa5][0xffffffdd][0xffffffb0]w[0x8][0xfffffff4][0xffffffdc][0xffffffd8][0xfffffffb][0x9]h[0xffffffd7][0xffffff92]sc[0xffffffef]Og\k47[0xffffffa6]Pd\[0xffffffeb]27[0xffffffa6][0xffffffb0][0xffffffcc]w-;7[0x16][0x11]}[0xffffffc9][0xffffffb5][0xfffffff1][0x1e][0x2][0xffffffeb]Z[0xfffffffa][0x1e][0xffffffc2]4[0xffffffb8][0xffffff87]0[0xffffffc3][0xf][0xffffffbe][0xffffffb9]8S[0xfffffff7][0x10][0xffffffa6][0xffffffd3]=[0xffffff84][0xffffff88]"[0xffffffe5]Z[0xffffff97]{[0x8][0x11]K[0xffffffc2][0xffffffb5][0xffffffec]=[0xffffff84][0x1d][0xffffffd1][0x17]\[0xffffffab]ft[0xffffffcb]yb[0xffffffb3][0xc][0xfffffff4][0xffffff8c][0xffffffee][0xfffffffb][0x9]h[0xffffffd7][0xffffff92]3[0xffffffba][0xffffffef]Og\k4[0xffffffa3][0xffffffab]Pd\[0xffffffeb]2[0xffffffa3][0xffffffab][0xffffffb0][0xffffffcc]w-;[0xffffffa3][0x1b][0x11]}[0xffffffc9][0xffffffb5][0xffffffa2]kQ[0xffffffd7][0xffffffd2]][0xffffffbb][0xc][0xffffffba]v[0xffffff85][0xffffff80][0xffffffc8][0xffffffc5][0xffffff99][0xffffffea][0xffffffda][0xffffffe5][0xffffffd4][0xffffffb5][0x11]E[0xffffffca][0xffffffb5].][0x1b][0xffffffb1]$\[0xffffffcb]v[0xffffffed][0xffffff8e][0xffffffe8]ow[0xffffffed][0xffffffa1][0xfffffff6]![0xffffff94]u[0x1c][0xffffff90]k[0xf]|[0x1f][0xffffffc2]a[0xffffffb0][0xf][0xffffffe1][0xffffff88][0xffffff83][0xffffffe7][0xffffff89]8[0x1f][0xffffffd8]>[0xffffff84]c[0x1f]6']+PD\+[0xffffff81]D\+[0xffffffb0]Lwm[0xffffff80]3[0xffffffd9][0xffffffb5][0x1][0xffffffd1][0x17]\[0xffffffab]ft[0xffffffcb][0xffffff9a][0xffffff85]r->[0xffffffa3]{[0x18][0xffffffcc][0xffffffe8][0x1e]q[0x18]2[0x13]glF[0xfffffff7][0xffffffd8][0x7] Q[0xffffffd7][0xffffff9a][0xffffffcc][0xffffffe8]J [0x19][0xffffffd7][0x1a][0xffffffcc][0xffffffe8][0x6]8[0xffffffb3]]{}F[0xfffffff7]P[0xffffffb3][0xc][0xffffffb5][0xffffffdf]:[0xffffffe5]Z|[0xffffff96][0xffffffe1]0[0xffffff98]e8[0xffffffe2][0xffffffa5][0xfffffff1]L[0xffffff9c][0xffffffb1]Y[0xffffff86]c[0xffffffbf]([0xffffff8e][0xffffffba][0xffffffd6]d[0xffffff96]A[0x2][0xffffffc9][0xffffffb8][0xffffffd6]`[0xffffff96]![0xffffffc0][0xffffff99][0xffffffed][0xffffffda][0xffffffeb][0xffffffb3][0xc]o[0xffffffff]Ot[0xffffffed]9[0xffffffb1]w[0x8][0x3]w[0xffffffed]0p[0xffffffed][0x8]Pg[0xffffffe2]<0[0xffffffd7][0xe]'[0xffffffd7]F[0x14][0x19][0xffffffd7]* [0x19][0xffffffd7]F,[0xfffffff3]][0xffffffbb][0xffffffc3][0xffffff99][0xffffffed][0xffffffda][0x1d][0xffffffd1][0x17]\[0xffffffab]f[0x19][0xffffffda][0xffffffd1][0xffffffb0]w[0x8][0xfffffff8],[0xffffffc3]a0[0xffffffcb]p[0xffffffc4]K[0xffffffe3][0xffffff99]8c[0xffffffb3][0xc][0xffffffc7]~Q[0x1c]u[0xffffffad][0xffffffc9],[0xffffff83][0x4][0xffffff92]q[0xffffffad][0xffffffc1],C[0xffffff80]3[0xffffffdb][0xffffffb5][0xffffffd7]g[0x19][0xe]5[0xffffffcb][0xffffffd0]j[0xffffffc3][0xffffffba][0x16][0xffffff9f]e8[0xc]f[0x19][0xffffff8e]xi<[0x13]gl[0xffffff96][0xffffffe1][0xffffffd8]/[0xffffff8a][0xffffffa3][0xffffffae]5[0xffffff99]e[0xffffff90]@2[0xffffffae]5[0xffffff98]e[0x8]pf[0xffffffbb][0xfffffff6][0xfffffffa],CQ[0xffffffef]k[0xfffffffb]j[0xffffffd0]wt[0x1f][0xffffffe7]a][[0xc][0xffffffde][0xffffffd7][0xffffff96][0xfffffff8]b,[0x11][0xffffffe7][0xffffff82][0xffffffbd][0xffffffaf]-[0xfffffffb][0xffffffcb]0[0xffffffd2][0xffffffb5][0x2]E[0xffffffc4][0xffffffb5][0x12]H[0xffffffc4][0xffffffb5][0x2][0xffffffcb]t[0xffffffd7][0x6]8[0xffffff93]][0x1b][0x10]}[0xffffffc1][0xffffffb5][0xffffffea][0x1d][0xffffffc2][0xffffffb8]Q[0xffffffdf]v|[0xffffff9c][0x7]v[0xffffffad][0xffffffc1];[0xffffff84][0x12][0xffffffff]e-[0x13]g[0xffffffec][0x1d]B[0xffffffd9][0xffffffff][0x5][\r]u[0xffffffad][0xffffffc9];[0x4][0x9]$[0xffffffe3]Z[0xffffff83]w[0x8][0x1][0xffffffce]l[0xffffffd7]^[0x7f][0xffffff87]P[0xffffffd4];[0xffffff84]q`[0xffffffdf][0x1b]+[0xfffffff8];[0xffffff84]b[0xfffffff0][0xe][0xffffffa1][0xffffffc4][0x7f]Y[0xffffffcb][0xffffffc4][0x19]{[0xffffff87]P[0xfffffff6][0x7f]AC]k[0xfffffff2][0xe]A[0x2][0xffffffc9][0xffffffb8][0xffffffd6][0xffffffe0][0x1d]B[0xffffff80]3[0xffffffdb][0xffffffb5]?[0xfffffff1][0xe]A[0xffffffcd][0xffffffe8][0xffffff8e]v6[0xffffffca][0xffffffb5][0xfffffff8][0xffffff8c]n1[0xffffff98][0xffffffd1]-q[0x18]2[0x13]glF[0xffffffb7][0xffffffec][0x3][0xffffff90][0xffffffa8]kM"
[DEBUG] http-outgoing-1 << "ft%[0xffffff90][0xffffff8c]k[\r]ft[0x3][0xffffff9c][0xffffffd9][0xffffffae][0xffffffbd]>[0xffffffa3][[0xffffffd5],[0xffffffc3][0xffffffd9]:[0xffffffe5][0xffffffda][0xffffff8a][0xffffffcf]2T[0xffffff83]Y[0xffffff86][0x1a]/[0xffffff8d]'[0xffffffe2]\[0xffffffb1]Y[0xffffff86][0xffffffba]_[0x14]']+PD\+[0xffffff81]D\+[0xffffffb0]Lwm[0xffffff80]3[0xffffffd9][0xffffffb5][0x1][0xffffffd1][0x17]\[0xffffffab]~[0x1b][0xffffff9b][0xffffffed][0xffffffa4][0xffffffde]!T[0xfffffffc][0xffffffb7][0xffffffb1]j[0xfffffff0][0xffffffdb]X[0xffffff8d]?Bd[0xffffffe2][0xffffff8c][0xfffffffd]6V[0xfffffff7][0x1f][0x1e]P[0xffffffd7][0xffffff9a][0xfffffffc]6&[0xffffff81]d\k[0xfffffff0][0xffffffdb]X[0xffffff80]3[0xffffffdb][0xffffffb5][0xffffffd7][0x7f][0x1b][0xffffffab][0xffffffea][0x1d][0xffffffc2][0xffffffaa][0xffffff95][0xffffffda][0xffffffa9]X[0xfffffff1]w[0x8][0xffffffd5][0xffffffe0][0x1d]B[0xffffff8d][0xffffffff][0xffffffb2][0xffffff96][0xffffff89]3[0xfffffff6][0xe][0xffffffa1][0xffffffee][0xffffffff][0xffffff82][0xffffff86][0xffffffba][0xffffffd6][0xffffffe4][0x1d][0xffffff82][0x4][0xffffff92]q[0xffffffad][0xffffffc1];[0xffffff84][0x0]g[0xffffffb6]k[0xffffffaf][0xffffffbf]Chj[0xfffffff7][0xffffffcc][0xffffffaa][0xffffffd8][0xffffffdc]X[0xffffffc3]w[0xffffffcf]4[0xffffff83][0xffffffdd]3-.[0xfffffff9]H[0xffffffc4][0xffffffb9]a[0xffffffbb]g[0xffffffda][0xffffffbe][0xffffffd8][0xffffff83]t[0xffffffad]@[0x11]q[0xffffffad][0x4][0x12]q[0xffffffad][0xffffffc0]2[0xffffffdd][0xffffffb5][0x1][0xffffffce]d[0xffffffd7][0x6]D_p[0xffffffed][0xffffffa1]\[0xffffffdb][0xe][0xffffffea][0x1b]8o[0xffffffe7][0xffffff81]]{[0x18][0xffffffb8][0xfffffff6][0x8]Pg[0xffffffe2]|`[0xffffffae]=[0xffffff9c]\[0x1b]Qd\[0xffffffab][0xffffff80]d\[0x1b][0xffffffb1][0xffffffcc]w[0xffffffed][0xe]g[0xffffffb6]kwD_p[0xffffffad][0xfffffffa]ml[0xfffffff5]J[0xffffffdd][0xffffffaf]m[0xfffffff8]oc[0xffffffcd][0xffffffe0][0xffffffb7][0xffffffb1][0x16][0x7f][0xffffff84][0xffffffc8][0xffffffc4][0x19][0xfffffffb]m[0xffffffac][0xffffffed]?<[0xffffffa0][0xffffffae]5[0xfffffff9]mL[0x2][0xffffffc9][0xffffffb8][0xffffffd6][0xffffffe0][0xffffffb7][0xffffffb1][0x0]g[0xffffffb6]k[0xffffffaf][0xffffffff]6[0xffffffd6][0xffffffaa]r[0xffffffed][0xffffff89][0xffffffed]Cx;[0xf][0xffffffec][0xffffffda]j[0xffffffe0][0xffffffda][0x1a][0xffffffa0][0xffffffce][0xffffffc4][0xffffffb9]b[0xffffffae][0xffffffad]N[0xffffffae][0xffffff8d](2[0xffffffae]U@2[0xffffffae][0xffffff8d]X[0xffffffe6][0xffffffbb]v[0xffffff87]3[0xffffffdb][0xffffffb5];[0xffffffa2]/[0xffffffb8][0xffffffb6])[0xffffffd7][0xffffffae][0xffffff86]um[0xffffffc3]][0xffffffdb][0xc]\[0xffffffdb][0x2][0xffffffd4][0xffffff99]87[0xffffffcc][0xffffffb5][0xffffffcd][0xffffffc9][0xffffffb5][0x11]E[0xffffffc6][0xffffffb5][\n]"
[DEBUG] http-outgoing-1 << "H[0xffffffc6][0xffffffb5][0x11][0xffffffcb]|[0xffffffd7][0xffffffee]pf[0xffffffbb]vG[0xfffffff4][0x5][0xffffffd7][0xffffff8a];_[0xffffffe3]V[0xb][0xfffffff6][0xffffffdb][0x18]~[0xffffffe7][0xffffffab][0x19][0xffffffdc][0xfffffff9]j[0xfffffff1]rM&[0xffffffce][0xffffffd8][0xffffff9d][0xffffffaf][0xffffffb6]_[0xffffffa8]A]kr[0xffffffe7]K[0x2][0xffffffc9][0xffffffb8][0xffffffd6][0xffffffe0][0xffffffce]W[0xffffff80]3[0xffffffdb][0xffffffb5][0xffffffd7][0xffffffef]|[0xffffffdd][0xffffffff][0xffffffb4][0xffffff98][0xffffffb9][0x16][0xfffffffe][0xffffffde][0xffffffd8][0xffffffe3][0x4][0xffffffbc]k[0xffffffc1][0xffffffef][0xffffff8d]=[0xffffff9e]N[0xffffffb9][0xffffffd6][0xffffffe7]{c[0x2]E[0xffffffca][0xffffffb5]&[0xffffffdf][0x1b][0x13]X[0x12][0xffffffae]E[0xffffffbf]7[0x16][0x10]}[0xffffffc9][0xffffffb5][0xffffffd5][0xffffffcc][0xffffffb5][0x15]wm5pmE][1[0xffffffd7]V'[0xffffffd7][0xffffffee](R[0xffffffae][0xffffff8d]@R[0xffffffae][0xffffffdd][0xffffffb1]$\[a[0xffffffd7][0xffffffd6][0xffffffeb][0xffffffae]mf[0xffffffae]m[0xffffffb8]k[0xffffff9b][0xffffff81]k[0x1b][0xffffffea][0xffffffda][0xffffff86][0xffffffb9][0xffffffb6]9[0xffffffb9]vG[0xffffff91]rm[0x4][0xffffff92]r[0xffffffed][0xffffff8e]%[0xffffffe1][0xffffffda][0x6][0xffffffbb][0xffffffb6]]w[0xffffffed][0xffffffe1]&[0xffffffdb][0xffffff83][0xffffffb7][0xffffffed][0xffffffe1][0xffffffa0][0xffffffdb][0xffffff83][0xfffffff5][0xffffffed][0xffffffc1][0x9][0xfffffff7][0xffffffb0]2n[0xffffffe0][0xffffff91]R[0xffffffae][0xffffffa0][0xffffff92]rn`[0xffffff93][0xffffff90][0xffffffee]A[[0xfffffff7][0xfffffff8][0x9][0xffffffed]V[0xffffffb7]w[0xffffffb7][0xffffff95][0x7f]y[[0x1d][0xffffffde][0xffffffde]V[0xfffffff6][0xfffffff5]m[0xffffffe5][0xffffffde][0xffffffdf]V[0xffffffab][0x17][0xffffffb8][0xffffff81]GJ[0xffffffbb][0xffffff82]JJ[0xffffffbb][0xffffff81]MB[0xffffffbb][0xffffff95]~[0xffffff89][[0x7f][0xffffffe2]-ns[0xffffffd3]n[0xffffffe3][0xffffffb5][0xffffffdb][0x1c][0xffffffb4][0xffffffdb]X[0xffffffed]6N[0xffffffbb][0xffffffcd]J[0xffffffbb][0xffffff81]GJ[0xffffffbb][0xffffff82]JJ[0xffffffbb][0xffffff81]MB[0xffffffbb][0xffffff8d][0xffffffd6]n[0xfffffffb][0x19][0xffffffed].7[0xffffffed].^[0xffffffbb][0xffffffcb]A[0xffffffbb][0xffffff8b][0xffffffd5][0xffffffee][0xffffffe2][0xffffffb4][0xffffffbb][0xffffffac][0xffffffb4][0xffffffbb][0xfffffff3][0xffffff88]i7R[0xffffff89]iwg[0x13][0xffffffd1][0xffffffee][0xffffffa2][0xffffffb5][0xffffffbb][0xffffffae]kw[0xffffffb8][0xffffffd5][0xffffffee][0xffffffe0]kw8[0xffffffd4][0xffffffee]`kwp[0xffffffb5];[0xffffffac]j7[0xfffffff0]HiWPIi7[0xffffffb0]Ihw[0xffffffd0][0xffffffb5];~[0xffffffa2]v[0xffffffa7][0xffffff9b]v'[0xffffffaf][0xffffffdd][0xffffffe9][0xffffffa0][0xffffffdd][0xffffffc9]jwr[0xffffffda][0xffffff9d]V[0xffffffda][\r]<R[0xffffffda][0x15]TR[0xffffffda][\r]l[0x12][0xffffffda][0xffffff9d][0xffffffb4]v[0xffffffe7]Ohw[\r]3[0xffffffed][0xffffffae][0xffffff81]k[0xfffffff7]~[0x4]^[0xffffffbb][0x1f][0xffffff87][0xffffffa0][0xffffffb4]{[0x7f]<[0xffffffa5][0xffffffdd][0xfffffff7]G[0xffffffbb]h7[0xfffffff0]HiWPIi7[0xffffffb0]Ihw#4_[0xffffffbb][0x1b][0xffffffa7][0xffffffbf]E[0xffffffbb][0xffffffe7][0xfffffffb][0xffffffdf][0xe]5[0xfffffff0][0xffffffbb]JK[0xffffffb7][0xffffffee][0xffffffe7]y([0xffffffe9]~9[0x1][0xffffffe6][0xffffffdc][0xffffffed][0xc][0xffffffc9][0xffffffca][0xfffffffd][0xfffffff2][0xfffffff4]d[0xffffffe3][0xfffffffe][0xfffffffa][0xffffffc9][0xffffffb0]p[0xffffff9f][0xffffffa2][0xffffff98][0xffffffec][0xffffffdb][0x1f][0x0][0xffffff99][0xffffffac][0xffffffdb][0xffffffa7]X&[0xffffffda][0xfffffff6][0x9][0xffffff9c]i[0xffffffb2]}[0xffffff82][0xffffffe8][0xb][0xffffffae][0x15][0x1f]@[0x1f][0xffffffc7][0x1],h[0xfffffffc]<[0xf][0xffffffec]Z[0xfffffff4][0x3][0xffffffe8][0xffffffdb][0x19][0x18][0xffffffd7][0x2][0x1f]@[0xffffffff][0xfffffff5][0xffffff93]=\[0xffffff8b][0x7f][0x0][0xfffffffd][0x7]@2[0xffffffae]E?[0xffffff80][0xfffffffe][0x4][0xffffffce]l[0xffffffd7][0xffffffee][0xffffff88][0xffffffbe][0xffffffe0][0xffffffda])[0xffffff96]+[0x1c][0xffffffad][0xffffffe4][0x7f]P[0xffffffe7][0xfffffff3]<[0xffffffb0]k'[0xffffffb9]\a;[0x3][0xffffffe3][0xffffffda][0xffffff99][0xffffffbf]\[0xffffffe1][0xffffffd7]O[0xfffffff6]pmD[0xffffff91]q[0xffffffad][0x2][0xffffff92]qm[0xffffffc4]2[0xffffffdf][0xffffffb5];[0xffffff9c][0xffffffd9][0xffffffae][0xffffffdd][0x11]}[0xffffffc1][0xffffffb5]K[0xffffffb9]v[0xffffff9c][0xfffffff9][0x1f]y[0xfffffff8]<[0xf][0xffffffec][0xffffffda]e[0xffffffe0][0xffffffda][0x15][0xffffffa0][0xffffffce][0xffffffc4]ya[0xffffffae]]N[0xffffffae][0xffffff8d](2[0xffffffae]U@2[0xffffffae][0xffffff8d]X[0xffffffe6][0xffffffbb]v[0xffffff87]3[0xffffffdb][0xffffffb5];[0xffffffa2][0xffffffbf][0xffffffdd][0xffffffb5]]|Pg[0xffffff94][0xffffffdb][0xffffffca][0xffffffff][0xffffff95][0xffffffec][0xfffffff3]<[0xffffffac]k;[0xfffffffa]A[0xffffff9d][0xffffffed][0xc][0xffffff88]k;[0xfffffff0]A[0xffffff9d]_?[0xffffffd9][0xffffffc2][0xffffffb5][0x2]E[0xffffffc4][0xffffffb5][0x12]H[0xffffffc4][0xffffffb5][0x2][0xffffffcb]t[0xffffffd7][0x6]8[0xffffff93]][0x1b][0x10]}[0xffffffc1][0xffffffb5][0xffffffe2]#[0xf][0xffffffa3][0x1c][0xffffff83]z_[0xffffffdb][0xffffffc1][0xffffff8f]<|9[0x1][0xffffffed]Z[0xffffffe8]#[0xf]_[0xffffff9e][0xffffffce][0xffffffb8][0xffffffd6][0xffffffe3]#[0xf]OQd\k[0xfffffff0][0xffffff91][0xffffff87][0xffffffa7]X[0xffffffe6][0xffffffbb][0x16][0xfffffffb][0xffffffc8][0xffffffc3][0x13]D_p[0xffffffad][0xfffffff8][0xffffffc8][0xffffffc3]([0xffffffe5]V)[0xffffffd7][0xffffff82][0x1f]y[0xfffffff8]r[0x2][0xffffffda][0xffffffb5][0xffffffd0]G[0x1e][0xffffffbe]<[0xffffff9d]q[0xffffffad][0xffffffc7]G[0x1e][0xffffff9e][0xffffffa2][0xffffffc8][0xffffffb8][0xffffffd6][0xffffffe0]#[0xf]O[0xffffffb1][0xffffffcc]w-[0xfffffff6][0xffffff91][0xffffff87]'[0xffffff88][0xffffffbe][0xffffffe0]Z[0xfffffff5][0xffffff91][0xffffff87]RoX[0xffffffd7][0xffffff82][0x1f]y[0xfffffff8]r[0x2][0xffffffda][0xffffffb5][0xffffffd0]G[0x1e][0xffffffbe]<[0xffffff9d]q[0xffffffad][0xffffffc7]G[0x1e][0xffffff9e][0xffffffa2][0xffffffc8][0xffffffb8][0xffffffd6][0xffffffe0]#[0xf]O[0xffffffb1][0xffffffcc]w-[0xfffffff6][0xffffff91][0xffffff87]'[0xffffff88][0xffffffbe][0xffffffe0][0xffffffda]S[0xffffffb9]v[0xffffff8e]N[0xffffffb9][0xfffffff6][0xffffffc4]]{[0x1a][0xffffffb8][0xfffffff6][0xc]Pg[0xffffffe2]|b[0xffffffae]=[0xffffff9d]\[0x1b]Qd\[0xffffffab][0xffffff80]d\[0x1b][0xffffffb1][0xffffffcc]w[0xffffffed][0xe]g[0xffffffb6]kwD_rm[0xffffffbc][0xffffff87][0xffffffc0][0xffffffba][0x16][0xffffffbe][0xffffff87][0xfffffff0]8[0x1][0xffffffef]Z[0xfffffff0][0x1e][0xffffffc2][0xffffffe3][0xffffffe9][0xffffff94]k}[0xffffffee]![0x8][0x14])[0xffffffd7][0xffffff9a][0xffffffdc]C[0x10]X[0x12][0xffffffae]E[0xffffffef]![0x4]D_p[0xffffffed][0x14]][[0xffffffcb][0xffffff89][0xffffffbd][0xffffffaf][0xffffff9d]x[0xffffffd7]N[0xffffff83][0xffffffae][0xffffff9d]! 2q[0xffffff9e]X[0xffffffd7]N[0xffffffa7][0xffffffae][0xffffff8d](2[0xffffffae]U@2[0xffffffae][0xffffff8d]X[0xffffffe6][0xffffffbb]v[0xffffff87]3[0xffffffdb][0xffffffb5];[0xffffffa2]/[0xffffffb8]v)[0xffffffd7][0xffffffb6][0xffffffb3]P[0xffffffae]][0xffffffb8]k[0xffffff97][0xffffff81]kW[0xffffff80]:[0x13][0xffffffe7][0xffffff85][0xffffffb9]v"
[DEBUG] http-outgoing-1 << "9[0xffffffb9]6[0xffffffa2][0xffffffc8][0xffffffb8]V[0x1][0xffffffc9][0xffffffb8]6b[0xffffff99][0xffffffef][0xffffffda][0x1d][0xffffffce]l[0xffffffd7][0xffffffee][0xffffff88][0xfffffffe]v[0xffffffd7][0xffffff8e][0xffffff9b]x[0xffffff87]POln[0xffffffec][0xffffffed]<[0xffffffac]k[0x1f]'[0xffffff80]][0xfffffffb][0xfffffffd][0xc][0xffffff88]k[0x1f]OG\[0xfffffffb][0xffffffed][0xffffffc9][0x16][0xffffffae][0x15]("[0xffffffae][0xffffff95]@"[0xffffffae][0x15]X[0xffffffa6][0xffffffbb]6[0xffffffc0][0xffffff99][0xffffffec][0xffffffda][0xffffff80][0xffffffe8][0xb][0xffffffae]U[0xfffffff7]k[[0xffffffc7][0xffffffba]v[0xffffffe0][0xfffffff7]k[0xffffff87][0xffffffc1][0xfffffffd][0xffffffda][0x11]/2f[0xffffffe2][0xffffff8c][0xffffffdd][0xffffffaf][0x1d][0xfffffffb][0xffffffe5]E[0xffffffd4][0xffffffb5]&[0xfffffff7]k%[0xffffff90][0xffffff8c]k[\r][0xffffffee][0xffffffd7][0x6]8[0xffffffb3]]{[0xfffffffd]~[0xffffffed]P[0xfffffff7]k[0xffffffdb]*[0xffffff98]k[0xfffffff1][0xfffffffb][0xffffffb5][0xffffffc3][0xffffffe0]~[0xffffffed][0xffffff88][0x17][0x19]3q[0xffffffc6][0xffffffee][0xffffffd7][0xffffff8e][0xfffffffd][0xfffffff2]"[0xffffffea]Z[0xffffff93][0xfffffffb][0xffffffb5][0x12]H[0xffffffc6][0xffffffb5][0x6][0xfffffff7]k[0x3][0xffffff9c][0xffffffd9][0xffffffae][0xffffffbd]~[0xffffffbf]v[0xffffffa8][0xfffffffb][0xffffffb5][0xfffffffd]V[0x7][0xffffffe5]Z[0xfffffffc]~[0xffffffed]0[0xffffffb8]_;[0xffffffe2]E[0xffffffc6]L[0xffffff9c][0xffffffb1][0xfffffffb][0xffffffb5]c[0xffffffbf][0xffffffbc][0xffffff88][0xffffffba][0xffffffd6][0xffffffe4]~[0xffffffad][0x4][0xffffff92]q[0xffffffad][0xffffffc1][0xfffffffd][0xffffffda][0x0]g[0xffffffb6]k[0xffffffaf][0xffffffdf][0xffffffaf][0x1d]j[0x7f]m[0xffffffbf]Mj[0x1f][0xffffffc2][0xffffffc0][0xfffffff7][0xffffffd7][0xe][0xffffff83][0xfffffffd][0xffffffb5]#.[\n]"
[DEBUG] http-outgoing-1 << "[0xffffffcd][0xffffffc4][0x19][0xffffffdb]_;[0xfffffff6][0xffffffe5][0xffffffa0][0xffffffa8]kM[0xfffffff6][0xffffffd7]J [0x19][0xffffffd7][0x1a][0xffffffec][0xffffffaf][\r]pf[0xffffffbb][0xfffffff6][0xfffffffa][0xfffffffe][0xffffffda]q*[0xffffffd7][0x1e]7j[0xffffffcf][0xffffffd7][0xffffffdb]y`[0xffffffd7][0xffffff9e][0x6][0xffffffae]=[0x3][0xffffffd4][0xffffff99]8[0xffffff9f][0xffffff98]kO'[0xffffffd7]F[0x14][0x19][0xffffffd7]* [0x19][0xffffffd7]F,[0xfffffff3]][0xffffffbb][0xffffffc3][0xffffff99][0xffffffed][0xffffffda][0x1d][0xffffffd1][0x17]\[0xffffffab][0xffffffee]|[0xfffffff5][0xffffffd2][0xffffffb1]w[0x8][0xfffffff8][0xffffff9d][0xffffffaf]ap[0xffffffe7]k[0xffffffc4][0xffffffcb]5[0xffffff99]8cw[0xffffffbe][0xffffffc6]~[0xffffffa1][0x6]u[0xffffffad][0xffffffc9][0xffffff9d]/[0x9]$[0xffffffe3]Z[0xffffff83];_[0x1][0xffffffce]l[0xffffffd7]^[0xffffffbf][0xfffffff3]u[0xffffffde][0xffffff94]k[0x1b][0xffffffb6][0xf][0xffffffe1][0xffffffed]<[0xffffffac]k[0x1f]'[0xffffff80]][0xfffffffb][0xfffffffd][0xc][0xffffff88]k[0x1f]OG\[0xfffffffb][0xffffffed][0xffffffc9][0x16][0xffffffae][0x15]("[0xffffffae][0xffffff95]@"[0xffffffae][0x15]X[0xffffffa6][0xffffffbb]6[0xffffffc0][0xffffff99][0xffffffec][0xffffffda][0xffffff80][0xffffffe8][0xb][0xffffffae]U[0xfffffffb]k{[0xffffffaf][0xffffffd4][0xffffffdc][0xffffffd8][0xffffff89][0xffffffef][0xffffffaf]=[\r][0xfffffff6][0xffffffd7][0xffffff9e]qQh&[0xffffffce][0xffffffd8][0xfffffffe][0xffffffda]s_[0xe][0xffffff8a][0xffffffba][0xffffffd6]d[0x7f][0xffffffad][0x4][0xffffff92]q[0xffffffad][0xffffffc1][0xfffffffe][0xffffffda][0x0]g[0xffffffb6]k[0xffffffaf][0xffffffef][0xffffffaf]=[0xffffff8b]r[0xffffffed]y[0xffffffa3]~[0x1b]{;[0xf][0xffffffec][0xffffffda]b[0xffffffe0][0xffffffda][0x12][0xffffffa0][0xffffffce][0xffffffc4][0xffffffb9]`[0xffffffae]-N[0xffffffae][0xffffff8d](2[0xffffffae]U@2[0xffffffae][0xffffff8d]X[0xffffffe6][0xffffffbb]v[0xffffff87]3[0xffffffdb][0xffffffb5];[0xffffffa2]/[0xffffffb8]V[0xffffffcd]2[0xfffffff4]9[0xffffffb0][0xffffffae][0xffffffc5]g[0x19]N[0xffffff83]Y[0xffffff86]3^[0x1a][0xffffffcf][0xffffffc4][0x19][0xffffff9b]e8[0xfffffff7][0xffffff8b][0xffffffe2][0xffffffa8]kMf[0x19]$[0xffffff90][0xffffff8c]k[\r]f[0x19][0x2][0xffffff9c][0xffffffd9][0xffffffae][0xffffffbd]>[0xffffffcb]p[0xffffffaa]Y[0xffffff86]Q[0xffffffda][0xffffff8d]r->[0xffffffcb]p[0x1a][0xffffffcc]2[0xffffff9c][0xfffffff1][0xffffffd2]x&[0xffffffce][0xffffffd8],[0xffffffc3][0xffffffb9]_[0x14]G]k2[0xffffffcb] [0xffffff81]d\k0[0xffffffcb][0x10][0xffffffe0][0xffffffcc]v[0xffffffed][0xfffffff5]Y[0xffffff86]S[0xffffffcd]2[0xffffff8c]:[0xffffffa9]}[0x8]'>[0xffffffcb]p[0x1a][0xffffffcc]2[0xffffff9c][0xfffffff1][0xffffffd2]x&[0xffffffce][0xffffffd8],[0xffffffc3][0xffffffb9]_[0x14]G]k2[0xffffffcb] [0xffffff81]d\k0[0xffffffcb][0x10][0xffffffe0][0xffffffcc]v[0xffffffed][0xfffffff5]Y[0xffffff86]S[0xffffffcd]2[0xffffff8c][0xffffffb3]S[0xfffffff7]kO|[0xffffff96][0xffffffe1]4[0xffffff98]e8[0xffffffe3][0xffffffa5][0xfffffff1]L[0xffffff9c][0xffffffb1]Y[0xffffff86]s[0xffffffbf]([0xffffff8e][0xffffffba][0xffffffd6]d[0xffffff96]A[0x2][0xffffffc9][0xffffffb8][0xffffffd6]`[0xffffff96]![0xffffffc0][0xffffff99][0xffffffed][0xffffffda][0xffffffeb][0xffffffb3][0xc][0xffffffe7])\{V[0xffffffce][0xffffffb5]'[0xffffffee][0xffffffda][0xffffffd3][0xffffffc0][0xffffffb5]g[0xffffff80]:[0x13][0xffffffe7][0x13]s[0xffffffed][0xffffffe9][0xffffffe4][0xffffffda][0xffffff88]"[0xffffffe3]Z[0x5]$[0xffffffe3][0xffffffda][0xffffff88]e[0xffffffbe]kw8[0xffffffb3]][0xffffffbb]#[0xfffffffa][0xffffff82]k[0xffffffd5][0xffffffae][0xfffffff0]s4j[0xffffff96][0xffffffe1][0xffffffc4]w[0xffffff85][0xffffff9f][0x6][0xffffffbb][0xffffffc2][0xffffffcf][0xffffffb8][0xffffff94]9[0x13]glW[0xfffffff8][0xffffffb9]/bF]k[0xffffffb2]+\[0x2][0xffffffc9][0xffffffb8][0xffffffd6]`Wx[0xffffff80]3[0xffffffdb][0xffffffb5][0xffffffd7]w[0xffffff85][0xffffff9f]jn[0xffffffec]<;[0xfffffff6][0xffffffdb][0x18]>7v[0x1a][0xffffffcc][0xffffff8d][0xffffff9d]q@'[0x13]gln[0xffffffec][0xffffffdc][0xffffff87]rP[0xffffffd7][0xffffff9a][0xffffffcc][0xffffff8d]I [0x19][0xffffffd7][0x1a][0xffffffcc][0xffffff8d][0x5]8[0xffffffb3]]{}nl[0xffffffde]~i[0xffffffd1][0xffffffb5][0x13][0xffffffbb]_[0xfffffffb]v[0x1e][0xffffffd6][0xffffffb5][0xffffff8f][0x13][0xffffffc0][0xffffffae][0xfffffffd]~[0x6][0xffffffc4][0xffffffb5][0xffffff8f][0xffffffa7]#[0xffffffae][0xfffffffd][0xfffffff6]d[0xb][0xffffffd7][\n]"
[DEBUG] http-outgoing-1 << "[0x14][0x11][0xffffffd7]J [0x11][0xffffffd7][\n]"
[DEBUG] http-outgoing-1 << ",[0xffffffd3]][0x1b][0xffffffe0]Lvm@[0xfffffff4][0x5][0xffffffd7][0xffffffaa][0xffffffb9][0xffffffb1]su[0xffffffcc][0xffffffb5][0xfffffff8][0xffffffdc][0xffffffd8]4[0xffffff98][0x1b][0xffffff9b]q@'[0x13]glnl[0xffffffee]C9[0xffffffa8]kM[0xffffffe6][0xffffffc6]$[0xffffff90][0xffffff8c]k[\r][0xffffffe6][0xffffffc6][0x2][0xffffff9c][0xffffffd9][0xffffffae][0xffffffbd]>76[0xffffffd5][0xffffffdc][0xffffffd8],[0xffffff93][0xfffffffa][0xffffff8e][0xffffffee][0xffffffc4][0xffffffe7][0xffffffc6][0xffffffa6][0xffffffc1][0xffffffdc][0xffffffd8][0xffffff8c][0x3]:[0xffffff99]8cscs[0x1f][0xffffffca]A]k27&[0xffffff81]d\k07[0x16][0xffffffe0][0xffffffcc]v[0xffffffed][0xfffffff5][0xffffffb9][0xffffffb1][0xffffffa9][0xffffffe6][0xffffffc6]f_[0xffffffd4][0xffffffee][0xffffff99][0xffffff89][0xffffffcf][0xffffff8d]M[0xffffff83][0xffffffb9][0xffffffb1][0x19][0x7]t2q[0xffffffc6][0xffffffe6][0xffffffc6][0xffffffe6]>[0xffffff94][0xffffff83][0xffffffba][0xffffffd6]dnL[0x2][0xffffffc9][0xffffffb8][0xffffffd6]`n,[0xffffffc0][0xffffff99][0xffffffed][0xffffffda][0xffffffeb]scS[0xffffffcd][0xffffff8d][0xffffffcd][0xffffffd5][0xffffffa8][0x19][0xffffffdd][0xffffff89][0xffffffcf][0xffffff8d]M[0xffffff83][0xffffffb9][0xffffffb1][0x19][0x7]t2q[0xffffffc6][0xffffffe6][0xffffffc6][0xffffffe6]>[0xffffff94][0xffffff83][0xffffffba][0xffffffd6]dnL[0x2][0xffffffc9][0xffffffb8][0xffffffd6]`n,[0xffffffc0][0xffffff99][0xffffffed][0xffffffda][0xffffffeb]scS[0xffffffcd][0xffffff8d][0xffffffad]rPsc[0x13][0xffffff9f][0x1b][0xffffff9b][0x6]sc3[0xe][0xffffffe8]d[0xffffffe2][0xffffff8c][0xffffffcd][0xffffff8d][0xffffffcd]}([0x7]u[0xffffffad][0xffffffc9][0xffffffdc][0xffffff98][0x4][0xffffff92]q[0xffffffad][0xffffffc1][0xffffffdc]X[0xffffff80]3[0xffffffdb][0xffffffb5][0xffffffd7][0xffffffe7][0xffffffc6][0xffffffa6][0xffffff9a][0x1b][[\r][0xffffffbb][0xfffffff3]5[0xfffffff1][0xffffffb9][0xffffffb1]i076[0xffffffe3][0xffffff80]N&[0xffffffce][0xffffffd8][0xffffffdc][0xffffffd8][0xffffffdc][0xffffff87]rP[0xffffffd7][0xffffff9a][0xffffffcc][0xffffff8d]I [0x19][0xffffffd7][0x1a][0xffffffcc][0xffffff8d][0x5]8[0xffffffb3]]{}nl[0xffffff9e][0xffffffca][0xffffffb5][0xffffffb3]Rsco[0xffffffe7][0xffffff81]]{[0x1a][0xffffffb8][0xfffffff6][0xc]Pg[0xffffffe2]|b[0xffffffae]=[0xffffff9d]\[0x1b]Qd\[0xffffffab][0xffffff80]d\[0x1b][0xffffffb1][0xffffffcc]w[0xffffffed][0xe]g[0xffffffb6]kwD_p[0xffffffad][0xffffff98][0x1b];o[0xffffffb7][0xffffff81][0xffffffdd][0xfffffff9][0xffffffc2][0xffffffe7][0xffffffc6][0xffffffa6][0xffffffc1][0xffffffdc][0xffffffd8][0xffffff8c][0x3]:[0xffffff99]8cscs[0x1f][0xffffffca]A]k27&[0xffffff81]d\k07[0x16][0xffffffe0][0xffffffcc]v[0xffffffed][0xfffffff5][0xffffffb9][0xffffffb1])[0xffffffe6][0xffffffc6][0xffffffce][[0xffffffe5][0xffffffee]|[0xffffffe1]sc[0xffffffd3]`nl[0xffffffc6][0x1][0xffffff9d]L[0xffffff9c][0xffffffb1][0xffffffb9][0xffffffb1][0xffffffb9][0xf][0xffffffe5][0xffffffa0][0xffffffae]5[0xffffff99][0x1b][0xffffff93]@2[0xffffffae]5[0xffffff98][0x1b][0xb]pf[0xffffffbb][0xfffffff6][0xfffffffa][0xffffffdc][0xffffffd8][0x12][0xffffffdf][0x1b];o[0x3][0xffffffdb][0x15][0xffffffbe][0xfffffff0][0xffffffef][0xffffff8d]-[0xffffff83][0xffffffef][0xffffff8d][0xffffffad][0xfffffff8]a[0xffffffa7]D[0xffffff9c][0x17][0xfffffff6][0xffffffbd][0xffffffb1][0xffffffb5][0x7f][0xffffffcc][0xffffff89]t[0xffffffad]@[0x11]q[0xffffffad][0x4][0x12]q[0xffffffad][0xffffffc0]2[0xffffffdd][0xffffffb5][0x1][0xffffffce]d[0xffffffd7][0x6]D_p[0xffffffad][0xffffff98]e8o[0xffffffab]`[0xffffffae][0xffffffc5]g[0x19][0xffffff96][0xffffffc1],[0xffffffc3][0xffffff8a][0xffffff97][0xffffffc6]3q[0xffffffc6]f[0x19][0xffffffd6]~Q[0x1c]u[0xffffffad][0xffffffc9],[0xffffff83][0x4][0xffffff92]q"
[DEBUG] http-outgoing-1 << "[0xffffffad][0xffffffc1],C[0xffffff80]3[0xffffffdb][0xffffffb5][0xffffffd7]g[0x19][0xffffff96][0xffffff98]e[0xffffffb8][0xffffffbb][0x16][0xffffffdb][0x15][0xffffffbe][0xfffffff0]Y[0xffffff86]e0[0xffffffcb][0xffffffb0][0xffffffe2][0xffffffa5][0xfffffff1]L[0xffffff9c][0xffffffb1]Y[0xffffff86][0xffffffb5]_[0x14]G]k2[0xffffffcb] [0xffffff81]d\k0[0xffffffcb][0x10][0xffffffe0][0xffffffcc]v[0xffffffed][0xfffffff5]Y[0xffffff86]%f[0x19][0xffffffce][0xffffffe3][0xffffffb8]5[0xffffffca][0xffffffb5][0xfffffff8],[0xffffffc3]2[0xffffff98]eX[0xfffffff1][0xffffffd2]x&[0xffffffce][0xffffffd8],[0xffffffc3][0xffffffda]/[0xffffff8a][0xffffffa3][0xffffffae]5[0xffffff99]e[0xffffff90]@2[0xffffffae]5[0xffffff98]e[0x8]pf[0xffffffbb][0xfffffff6][0xfffffffa],[0xffffffc3][0x12][0xffffffb3][0xc][0xffffffe7]Q[0xffffff8f]B[0xffffffb9][0x16][0xffffff9f]eX[0x6][0xffffffb3][0xc]+^[0x1a][0xffffffcf][0xffffffc4][0x19][0xffffff9b]eX[0xfffffffb]Eq[0xffffffd4][0xffffffb5]&[0xffffffb3][0xc][0x12]H[0xffffffc6][0xffffffb5][0x6][0xffffffb3][0xc][0x1][0xffffffce]l[0xffffffd7]^[0xffffff9f]eXb[0xffffff96][0xffffffe1]<F[0xffffffc3][0xffffffba][0x16][0xffffff9f]eX[0x6][0xffffffb3][0xc]+^[0x1a][0xffffffcf][0xffffffc4][0x19][0xffffff9b]eX[0xfffffffb]Eq[0xffffffd4][0xffffffb5]&[0xffffffb3][0xc][0x12]H[0xffffffc6][0xffffffb5][0x6][0xffffffb3][0xc][0x1][0xffffffce]l[0xffffffd7]^[0xffffff9f]eX[0xffffffa7]r[0xffffffed][0xffffff9a]X[0xffffffd7][0xffffff9e][0xffffffb8]kO[0x3][0xffffffd7][0xffffff9e][0x1][0xffffffea]L[0xffffff9c]O[0xffffffcc][0xffffffb5][0xffffffa7][0xffffff93]k#[0xffffff8a][0xffffff8c]k[0x15][0xffffff90][0xffffff8c]k#[0xffffff96][0xfffffff9][0xffffffae][0xffffffdd][0xffffffe1][0xffffffcc]v[0xffffffed][0xffffff8e][0xffffffe8]K[0xffffffae][0xffffffad]f[0xffffffae][0xffffffad][0xffffffb8]k[0xffffffab][0xffffff81]k+[0xffffffea][0xffffffda][0xffffff8a][0xffffffb9][0xffffffb6]:[0xffffffb9]vG[0xffffff91]rm[0x4][0xffffff92]r[0xffffffed][0xffffff8e]%[0xffffffe1][0xffffffda][\n]"
[DEBUG] http-outgoing-1 << "[0xffffffbb][0xffffffb6]^u[0xffffffad][0xffffff9a][0x1b]+[0x5][0xffffffdb][0xffffff87][0xffffffb0][0xfffffff0][0xffffffb9][0xffffffb1]e07[0xffffffb6][0xffffffe2][0xffffff80]N&[0xffffffce][0xffffffd8][0xffffffdc][0xffffffd8][0xffffffda][0xffffff87]rP[0xffffffd7][0xffffff9a][0xffffffcc][0xffffff8d]I [0x19][0xffffffd7][0x1a][0xffffffcc][0xffffff8d][0x5]8[0xffffffb3]]{}nl[0xffffffa9][0xffffffb9][0xffffffb1][0xffffffd2][0x1b]57[0xffffffb6][0xfffffff0][0xffffffb9][0xffffffb1]e07[0xffffffb6][0xffffffe2][0xffffff80]N&[0xffffffce][0xffffffd8][0xffffffdc][0xffffffd8][0xffffffda][0xffffff87]rP[0xffffffd7][0xffffff9a][0xffffffcc][0xffffff8d]I [0x19][0xffffffd7][0x1a][0xffffffcc][0xffffff8d][0x5]8[0xffffffb3]]{ynl[0xffffffdd][0xffffffd4][0xffffffdc]X[0xffffff99][0x15][0xffffffba]_[0xfffffffb]8[0xf][0xffffffea][0xffffffda][0xfffffff7][0x13][0xffffffb0][0xffffffae][0xfffffffd]<[0x3][0xffffffe1][0xffffffda][0xfffffff7][0xffffffa7][0x13][0xffffffae][0xfffffffd][0xfffffffe]d[0x7][0xffffffd7]*[0x14][0x9][0xffffffd7]j [0x9][0xffffffd7]*,[0xffffffb3]][0x1b][0xffffffe1][0xffffffcc]umD[0xfffffff4]%[0xffffffd7][0x16]3[0xffffffd7][0x16][0xffffffdc][0xffffffb5][0xffffffc5][0xffffffc0][0xffffffb5][0x5]um[0xffffffc1]\[[0xffffff9c]\[0xffffffbb][0xffffffa3]H[0xffffffb9]6[0x2]I[0xffffffb9]v[0xffffffc7][0xffffff92]pm[0xffffff81]][[0xffffffae][0xffffffba]V|[0xffffffdb][0xfffffff1][0xffffffac][0xffffffc7][0xffffff84][0xfffffff6]|=[0xffffffce][0x3][0xffffffbb][0xffffff96][0xffffffff][0xffffffb6][0xffffffe3][0xffffffe7][0x19][0x18][0xffffffd7]R[0xffffffdf]v[0xfffffffc][0xfffffffe]d[0xf][0xffffffd7]z|[0xffffffdb]Q[0x3][0xffffffc9][0xffffffb8][0xffffff96][0xffffffff][0xffffffb6]c[0xffffff84]3[0xffffffdb][0xffffffb5][0xffffff97][0xffffffbf][0xffffffed][0xffffffb8]nj[0x1f]B[0xffffffad]'[0xffffffb4][0xffffffbf][0xfffffff6]q[0x1e][0xffffffd8][0xffffffb5][0xfffffffc]>[0xffffff84][0xffffffcf]30[0xffffffae][0xffffffa5][0xfffffff6]!|[0x7f][0xffffffb2][0xffffff87]k=[0xfffffff6]!h [0x19][0xffffffd7][0xfffffff2][0xfffffffb][0x10]"[0xffffff9c][0xffffffd9][0xffffffae][0xffffffbd][0xffffffbc][0xf][0xffffffe1][0xffffffed]O[0xffffffe3];[0x4][0xffffffd6][0xffffffb5][0xfffffff4];[0xffffff84]b[0xfffffff0][0xe][0xffffffa1][0xffffff84][0x7f]Y[0xffffffcb][0xffffffc5][0xffffff99]z[0xffffff87]P[0xffffff9c][0xffffffde]!D[0x14])[0xffffffd7][0xffffffba][0xffffffbc]C[0xffffff88]X[0x12][0xffffffae]e[0xffffffdf]![0xffffffec][0xffffff88][0xffffffbe][0xffffffe0][0xffffffda][0xffffffaa]\;[0x16][0xffffffb4][0xffffffe7][0xffffffeb]q[0x1e][0xffffffd8][0xffffffb5][0xffffffd5][0xffffffc0][0xffffffb5]5@[0xffffff9d][0xffffff89]s[0xffffffc5]\[[0xffffff9d]\[0x1b]Qd\[0xffffffab][0xffffff80]d\[0x1b][0xffffffb1][0xffffffcc]w[0xffffffed][0xe]g[0xffffffb6]kwD_p[0xffffffad][0xffffffda]=S[0xffffffc1][0xffffffdf][0xffffffc6][0xffffffe8][0xffffffdd]3[0xffffffef]'[0xffffffa0]]K[0xffffffee][0xffffff9e]y[0x7f]:[0xffffffe3]Z[0xffffffa3][0xffffffdd]3[\n]"
[...]
5[0xffffff92][0x12]!k[0xffffff97]6[0xffffff90][0xc]%[0x2][0xffffffd6].%[0xffffff9c][0xffffffd5][0xffffff94][0x8]^[0xffffffbb]t[0xffffffe5][0xffffffc9]R"o[0xffffffed][0xffffffd2]U+G[0xffffff89][0xffffff94][0xffffffb5]K-[0xffffffde]%J[0xffffffe8][0xf][0x1c],%[0xffffffe8][0x1f]8z[0xffffffc0][0xf][0x1c]]O[0xffffffe1]J[0x3]N[0xfffffffd][0xffffffc0][0xffffffd1][0xffffff93]~[0xffffffe0][0xffffffd0](R[0xffffff94]H[0xfffffff9][0xffffff81]CcIP[0xffffff82][0xfffffffd][0xffffff81]c[0xffffff8e]h[0x16]%[0xffffffc2]~[0xffffffe0][0xffffffb0]]JS"[0xffffffe8][0x7][0xe]iZ[0xffffff8e][0x12]?[0xffffffff][0xffffff81][0xffffffc3][\r]g[0xffffffdf][0xffffffe7]A[0xffffffdd][0xc][0xffffffda][0xfffffff0][0xffffffe1][0xffffffec][0x16]0[0xffffff9c][0xffffffdd][0xffffffcc][0xffffffba]ka[0xffffffc0][0xffffffb1][0xffffffe1][0xffffffec]&[0xfffffffb][0xffffffad]$%B[0xffffff86][0xffffffb3]m [0x19]J[0x4][0xc]gK8[0xffffffab])[0x11]<[0xffffff9c][0xffffffed][0xffffffca][0xffffff93][0xffffffa5]D[0xffffffde]p[0xffffffb6][0xffffffab]V[0xffffff8e][0x12])[0xffffffc3][0xffffffd9]Z[0xffffffbc]K[0xffffff94]0[0xffffffa7][0x12](%[0xffffffe8]S[0xffffff89];[0xffffffe0]T[0xffffffe2]V:[0xffffff97][0x6][0xffffff9c]:[0xffffff95][0xffffffb8][0xffffff93]N%4[0xffffff8a][0x14]%RN%4[0xffffff96][0x4]%[0xffffffd8]S[0xffffff89]9[0xffffffa2]Y[0xffffff94][0x8];[0xffffff95][0xffffffb0]]JS"[0xffffffe8]TB[0xffffff9a][0xffffff96][0xffffffa3][0xffffffc4][0xffffffcf]O%[0xffffff86];[0xffffff95][0xffffffb8][0xffffffda]MQb[0xffffffe0][0xffffffa7][0x12][0xffffffc3]I[0xffffffba]8[0xffffffef]C[0xffffffe9]\[0x18][0xfffffff0][0xffffff81][0xffffff9d]J[0xffffff8c][0xffffffa4]S[0x9][0xffffff8d]"C[0x9][0x17]H[0xffffff86][0x12][0x1a][0xffffffcb]zJ[0xffffffcc][0xffffffe1][0xffffffac][0xffffffa6][0xffffffc4][0x1c][0xffffffd1]$J[0xffffff98][0xfffffff2]d)a[0xffffffbb][0xffffff94][0xffffffa5][0xffffff84][0xffffffa9]V[0xffffff8e][0x12][0xffffffd2][0xffffffb4][0x14]%[0xffffffa4]x[0xffffff97](aN%PJ[0xffffffd0][0xffffffa7][0x12]#[0xffffffe0]Tb([0xffffff9d]K[0x3]N[0xffffff9d]J[0xffffff8c][0xffffffa4]S[0x9][0xffffff8d]"E[0xffffff89][0xffffff94]S[0x9][0xffffff8d]%A[0x9][0xfffffff6]Tb[0xffffff8e]h[0x16]%[0xffffffc2]N%l[0xffffff97][0xffffffd2][0xffffff94][0x8]:[0xffffff95][0xffffff90][0xffffffa6][0xffffffe5]([0xfffffff1][0xffffffe3]S[0xffffff89][0xffffffee]n[0x6][0x1d][0xffffff8f][0xfffffffd][0x1]Q[0xffffffa2][0xffffffe3]7[0xffffff83][0xfffffff6][0xffffff80][0xffffff9b]A[0xffffffbb][0xffffffb9][0xffffffbe][0xffffffae].[0xffffffe0][0x1d][0xffffffbb][0x19][0xffffffb4][0xffffffcb][0x5]u %L[0x14][0x11]J[0xffffffd8]@"[0xffffff94]0[0xffffffb1],[0xffffffa7][0xffffff84][0xffffff84][0xffffffb3][0xffffff98][0x12][0x12][0xffffffd1] J[0xffffffb8][0xfffffff2]D)[0xffffffe1][0xffffffbb][0x14][0xffffffa5][0xffffff84][0xffffffab]V[0xffffff8c][0x12][0xffffffda][0xffffffb4][0x10]%[0xffffffb4]x[0x17]([0xffffffe1]n[0x6][0x1d][0xffffffdb]6(J[0xffffffe0]7[0xffffff83][0xfffffff6][0xffffff80][0xffffff9b]A[0xffffffbb][0xffffffb9][0xffffffbe][0xffffffae]0[0xffffffe0][0xffffffd8][0xffffffcd][0xffffffa0]].[0xffffffa8]#)[0x11]r3[0xffffffa8][\r]$C[0xffffff89][0xffffff80][0xffffff9b]A%[0xffffff9c][0xffffffd5][0xffffff94][0x8][0xffffffbe][0x19][0xffffffd4][0xffffff95]'K[0xffffff89][0xffffffbc][0xffffff9b]A][0xffffffb5]r[0xffffff94]H[0xffffffb9][0x19]T[0xffffff8b]w[0xffffff81][0x12][0xffffffee]f[0xffffffd0][0xfffffff1][0xfffffff6][0xffffffff])J[0xffffffe0]7[0xffffff83][0xfffffff6][0xffffff80][0xffffff9b]A[0xffffffbb][0xffffffb9][0xffffffbe][0xffffffae]0[0xffffffe0][0xffffffd8][0xffffffcd][0xffffffa0]].[0xffffffa8]#)[0x11]r3[0xffffffa8][\r]$C[0xffffff89][0xffffff80][0xffffff9b]A%[0xffffff9c][0xffffffd5][0xffffff94][0x8][0xffffffbe][0x19][0xffffffd4][0xffffff95]'K[0xffffff89][0xffffffbc][0xffffff9b]A][0xffffffb5]r[0xffffff94]H[0xffffffb9][0x19]T[0xffffff8b]w[0xffffff81][0x12][0xffffffee]f[0xffffffd0][0xffffffd1][0xffffffb9]S[0x9][0xfffffffc]f[0xffffffd0][0x1e]p3h7[0xffffffd7][0xffffffd7][0x15][0x6][0x1c][0xffffffbb][0x19][0xffffffb4][0xffffffcb][0x5]u$%Bn[0x6][0xffffffb5][0xffffff81]d([0x11]p3[0xffffffa8][0xffffff84][0xffffffb3][0xffffff9a][0x12][0xffffffc1]7[0xffffff83][0xffffffba][0xfffffff2]d)[0xffffff91]w3[0xffffffa8][0xffffffab]V[0xffffff8e][0x12])7[0xffffff83]j[0xfffffff1].P[0xffffffc2][0xffffffdd][0xc]:z[0xffffffc7]([0xffffff81][0xffffffdf][0xc][0xffffffda][0x3]n[0x6][0xffffffed][0xffffffe6][0xfffffffa][0xffffffba][0xffffffc2][0xffffff80]c7[0xffffff83]v[0xffffffb9][0xffffffa0][0xffffff8e][0xffffffa4]D[0xffffffc8][0xffffffcd][0xffffffa0]6[0xffffff90][0xc]%[0x2]n[0x6][0xffffff95]pVS"[0xfffffff8]fPW[0xffffff9e],%[0xfffffff2]n[0x6]u[0xffffffd5][0xffffffca]Q"[0xffffffe5]fP-[0xffffffde][0x5]J[0xffffffb8][0xffffff9b]A[0xffffffc7][0xfffffffd]8(J[0xffffffe0]7[0xffffff83][0xfffffff6][0xffffff80][0xffffff9b]A[0xffffffbb][0xffffffb9][0xffffffbe][0xffffffae]0[0xffffffe0][0xffffffd8][0xffffffcd][0xffffffa0]].[0xffffffa8]#)[0x11]r3[0xffffffa8][\r]$C[0xffffff89][0xffffff80][0xffffff9b]A%[0xffffff9c][0xffffffd5][0xffffff94][0x8][0xffffffbe][0x19][0xffffffd4][0xffffff95]'K[0xffffff89][0xffffffbc][0xffffff9b]A][0xffffffb5]r[0xffffff94]H[0xffffffb9][0x19]T[0xffffff8b]w[0xffffff81][0x12][0xffffffee][0xe][0xffffff8e]7K`[0xffffffa7][0x12][0xfffffff8][0x1d][0x1c]=[0xffffffe0][0xe][0xffffff8e]n[0xffffff86][0xffffffe2][0xb][0x3][0xffffff8e][0xffffffdd][0xffffffc1][0xffffffd1]e[\n]"
[DEBUG] http-outgoing-1 << "[0xffffff9e][0xffffffa4]D[0xffffffc8][0x1d][0x1c]6[0xffffff90][0xc]%[0x2][0xffffffee][0xffffffe0][0xffffff90]pVS"[0xfffffff8][0xe][0xe]W[0xffffff9e],%[0xfffffff2][0xffffffee][0xffffffe0]p[0xffffffd5][0xffffffca]Q"[0xffffffe5][0xe][0xe]-[0xffffffde]%J[0x1c]a[0xffffff94]8pJ[0x1c][0x1][0xffffff94]8PJ[0x1c][0x18]%[0xffffff8e]$J[0xffffffcc]Q[0xffffffa4]([0xffffffa1][0xffffff81][0xffffffa4](1[0xffffffc7][0xffffff92][0xffffffa0][0xffffffc4][0x1]S[0xffffffe2][0x8][0xffffffa6][0xffffff84][0xffffff94]'M[0x9][0xffffffd3][0xffffffa5]4%[0xffffffa4]ZIJ[0x1c])[0xffffff94]8~L[0x9][0xffffffbd][0xffffff83][0xffffffe3]x<[0xffffff8e][\r][0xfffffffb][0xffffff81][0x3][0xffffffbf][0xffffff83][0xffffffa3][0x7][0xffffffdc][0xffffffc1][0xffffffd1][0xffffffcd]P|a[0xffffffc0][0xffffffb1];8[0xffffffba]L[0xffffffc1][0xffffff93][0xffffff94][0x8][0xffffffb9][0xffffff83][0xffffffc3][0x6][0xffffff92][0xffffffa1]D[0xffffffc0][0x1d][0x1c][0x12][0xffffffce]jJ[0x4][0xffffffdf][0xffffffc1][0xffffffe1][0xffffffca][0xffffff93][0xffffffa5]D[0xffffffde][0x1d][0x1c][0xffffffae]Z9J[0xffffffa4][0xffffffdc][0xffffffc1][0xffffffa1][0xffffffc5][0xffffffbb]D[0xffffff89]y[0xffffffed][0xffffff92][0xffffffa6][0x4][0xffffffbc]v[0xffffffd9][0x3][0xffffffee][0xffffffe0][0xffffffe8]f([0xffffffbe]4[0xffffffe0][0xffffffd0][0xffffffda]e[0xffffff97])x[0xffffff96][0x12][0x11]k[0xffffff97]6[0xffffff90][0x14]%[0xfffffff0][0xffffffb5]K[0x9]g=%b[0xffffffd7].]y[0xffffffd2][0xffffff94]H[[0xffffffbb]t[0xffffffd5]JR"c[0xffffffed]R[0xffffff8b]w[0xffffff89][0x12]=[0xffffff8c][0x12][0x1d][0xffffffa7]D[0xf][0xffffffa0]DG)[0xffffffd1]1J[0xfffffff4]$J[0xffffffcc]Q[0xffffffa4]([0xffffffa1][0xffffff81][0xffffffa4](1[0xffffffc7][0xffffff92][0xffffffa0]D[0xffffff87])[0xffffffd1][0xffffff83])![0xffffffe5]IS[0xffffffc2]t)M[0x9][0xffffffa9]V[0xffffff92][0x12]=[0xffffff85][0x12][0xfffffffd]_[0xffffffa0][0xffffffc4][0xffffff96]f[0xffffff89][0xffffff8d][0xffffffc7][0xffffffc4][0xffffff96][0xffffffa0][0xffffff89][0xffffff8d][0xffffffe5][0xffffffc4][0xffffffc6]yb[0xffffff8b][0x2][0xffffff85][0xffffffe4][0xffffff91][0x12][0xffffff85]I%E[\n]"
[DEBUG] http-outgoing-1 << "[0xffffffc9]&a[0xffffff8a][0xffffff8d]F[0xffffffc5][0xffffff96][0xffffffac][\n]"
[DEBUG] http-outgoing-1 << "[0xffffffad]Q[0xffffff9a][0x15][0xffffffae]UiWh[0xffffffc9][0xffffff92][0xffffffb0][0xffffff98];[0xffffff97][0xffffff93][0xffffffc5]\[0xffffffc1][0x7f]C[0xffffff8b][0xfffffffe][0xfffffffc]Gn[0xffffff9d][0xffffffac]:[0x1e][0xfffffffb][0xffffffa3][0xffffffd7]_[0xffffffef][0xfffffff5][0xfffffffb]}(X|{[0x3][0xffffffcc][0x15][0xffffffd3];[0x14][0xffffffb3][0xffffffe2][0xffffffdb][0xffffffd3][0xffffff8b]U[0xfffffff1][0xffffffcf]'[0xffffffc3][0xffffffa8]x[0x19][0xffffffc5]bS[0xfffffffc]![0xffffff90][0xffffffc5][0xffffffa4]x[0x19][0xffffffcb]BQ[0xffffffbc][0x8]g[0x19](^D4[0xffffffc2][0x13][0xffffffaf][0xffffffcb][0x13][0xffffffe2][0xffffffc4][0xffffff9f][0xffffffba][0x14][0xffffffd2][0xffffffc4][0xffffffeb]j[0x5]0[0xfffffff1][0xffffffaa]i[0xffffffcb]-[0xfffffff1][0xffffffaa]x[0x17]([0xffffffa1][0xffffff93]Uo[0xffffff94]8[0xffffffae][0xffffff93][0xffffffa2][0x4]8Y[0xfffffff5][0xffffffed][\r]hJ@[0xffffff93]U[0xffffffdf][0xffffff9e][0xffffffce]P"c[0xffffffb2][0xffffffea]e[0x14][0x19]J[0x4]LV[0xffffffbd][0xffffff8c]e=%[0xffffffb0][0xffffffc9][0xffffffaa][0x17][0x11]M[0xffffffa2]D[0xffffffce]d[0xffffffd5][0xffffff9f][0xffffffba][0xffffff94][0xffffffa5]D[0xffffffc6]d[0xffffffd5][0xffffffab][0xffffffa6][0xffffffa5]([0xfffffff1][0xffffffa3][0xffffffc9][0xffffffaa][0xffffffcf][0x7f]C'[0xffffffab][0xffffffde](q[0xffffffed][0x1b]E[0x9]p[0xffffffb2][0xffffffea][0xffffffdb][0x1b][0xffffffd0][0xffffff94][0xffffff80]&[0xffffffab][0xffffffbe]=[0xffffff9d][0xffffffa1]"
[DEBUG] http-outgoing-1 << "D[0xffffffc6]d[0xffffffd5][0xffffffcb](2[0xffffff94][0x8][0xffffff98][0xffffffac]z[0x19][0xffffffcb]zJ`[0xffffff93]U/"[0xffffff9a]D[0xffffff89][0xffffff9c][0xffffffc9][0xffffffaa]?u)K[0xffffff89][0xffffff8c][0xffffffc9][0xffffffaa]WMKQ[0xffffffe2]G[0xffffff93]U[0xffffff9f][0xffffffff]Fs[0xffffff94][0x18][0xffffffd7]EQ[0xffffffa2][0xffffffe1][0xffffff94]h[0x1][0xffffff94]h[0xffffff9a][0xfffffff7][0xffffffc2][0xffffff80]7[0xffffff8c][0x12]-[0xffffff89][0x12][0x1a]E[0xffffff86][0x12].[0xffffff90][0xc]%4[0xffffff96][0xfffffff5][0xffffff94][0xffffff98][0xffffffc3]YM[0xffffff89]9[0xffffffa2]I[0xffffff94]0[0xffffffe5][0xffffffc9]R[0xffffffc2]v)K[0x9]S[0xffffffad][0x1c]%[0xffffffa4]i)JH[0xfffffff1].P[0xffffffa2][0x1b]J[0xffffffbc][0xffffffff]GQ[0xffffffa2][0xffffffe3][0xffffff94][0xffffffe8][0x1][0xffffff94][0xffffffe8][0xffffff9a][0xfffffff7][0xffffffc2][0xffffff80]w[0xffffff8c][0x12]=[0xffffff89][0x12][0x1a]E[0xffffff86][0x12].[0xffffff90][0xc]%4[0xffffff96][0xfffffff5][0xffffff94][0xffffff98][0xffffffc3]YM[0xffffff89]9[0xffffffa2]I[0xffffff94]0[0xffffffe5][0xffffffc9]R[0xffffffc2]v)K[0x9]S[0xffffffad][0x1c]%[0xffffffa4]i)JH[0xfffffff1].P[0xffffffc2]MV[0x1d][0xffffff8f][0xfffffffb][0xffffffa4]([0x1]NV}{[0x3][0xffffff9a][0x12][0xffffffd0]d[0xffffffd5][0xffffffb7][0xffffffa7]3[0xffffff94][0xffffffc8][0xffffff98][0xffffffac]z[0x19]E[0xffffff86][0x12][0x1][0xffffff93]U/cYO[0x9]l[0xffffffb2][0xffffffea]ED[0xffffff93]([0xffffff91]3Y[0xfffffff5][0xffffffa7].e)[0xffffff91]1Y[0xfffffff5][0xffffffaa]i)J[0xfffffffc]h[0xffffffb2][0xffffffea][0xfffffff3][0xffffffdf][0x18][0xffffff8e][0x12][0x1b]w*1pJ[0xffffff8c][0x0]J[0xc][0xffffffcd]{a[0xffffffc0][0x7]F[0xffffff89][0xffffff91]D[0x9][0xffffff8d]"C[0x9][0x17]H[0xffffff86][0x12][0x1a][0xffffffcb]zJ[0xffffffcc][0xffffffe1][0xffffffac][0xffffffa6][0xffffffc4][0x1c][0xffffffd1]$J[0xffffff98][0xfffffff2]d)a[0xffffffbb][0xffffff94][0xffffffa5][0xffffff84][0xffffffa9]V[0xffffff8e][0x12][0xffffffd2][0xffffffb4][0x14]%[0xffffffa4]x[0xffffffff][0xffffff9e][0x12][0xffffffe3]a)[0x1]\:[0xfffffffe][0xfffffffb]}XJ<[0xffffffdf][0x0][0xffffffa6][0xffffffc4][0xffffffd7]; [0xffffff94]x>[0x1d][0xffffffa1][0xffffffc4][0xffffffaf]'GP[0xffffffc2]D[0x11][0xffffffa1][0xffffff84][\r]$B[0x9][0x13][0xffffffcb]rJH8[0xffffff8b])![0x11][\r][0xffffffa2][0xffffff84]+O[0xffffff94][0x12][0xffffffbe]KQJ[0xffffffb8]j[0xffffffc5]([0xffffffa1]M[0xb]QB[0xffffff8b]w[0xffffff81][0x12][0xffffff9b][0xffffffa3][0xffffffc4]~S[0xffffffa7][0x12][0xffffffef][0xffffffef][0x3]Sb[0xb][0xffffffa0][0xffffffc4][0xffffffa6]y/[0xc][0xfffffff8][0xffffff86]QbK[0xffffffa2][0xffffff84]F[0xffffff91][0xffffffa1][0xffffff84][0xb]$C[0x9][0xffffff8d]e=%[0xffffffe6]pVSb[0xffffff8e]h[0x12]%Ly[0xffffffb2][0xffffff94][0xffffffb0]][0xffffffca]R[0xffffffc2]T+G[0x9]iZ[0xffffff8a][0x12]R[0xffffffbc][0xb][0xffffff94][0xffffffd8][0x1d]%[0xffffffae][0x13];[0xffffff95][0xffffffd8]qJ[0xffffffec][0x1][0xffffff94][0xffffffd8]5[0xffffffef][0xffffff85][0x1][0xffffffdf]1J[0xffffffec]I[0xffffff94][0xffffffd0](2[0xffffff94]p[0xffffff81]d([0xffffffa1][0xffffffb1][0xffffffac][0xffffffa7][0xffffffc4][0x1c][0xffffffce]jJ[0xffffffcc][0x11]M[0xffffffa2][0xffffff84])O[0xffffff96][0x12][0xffffffb6]KYJ[0xffffff98]j[0xffffffe5](!MKQB[0xffffff8a]w[0xffffff81][0x12]n[0xffffffed][0xfffffff2][0xffffffe8][0x1b]F[0x9]|[0xffffffed]r[0x4][0xffffffac]][0xe]3[0xffffffc9]V[0x18]pl[0xffffffed]r[0xffffffc8][0xffffffe8][0x1a]I[0xffffff89][0xffffff90][0xffffffb5]K[0x1b]H[0xffffff86][0x12][0x1]k[0xffffff97][0x12][0xffffffce]jJ[0x4][0xffffffaf]][0xffffffba][0xfffffff2]d)[0xffffff91][0xffffffb7]v[0xffffffe9][0xffffffaa][0xffffff95][0xffffffa3]D[0xffffffca][0xffffffda][0xffffffa5][0x16][0xffffffef][0x12]%[0xfffffff6]0J`7[0xffffff85]~{[0x3][0xffffff9e][0x12][0xffffffc8]M[0xffffffa1][0xffffffdf][0xffffff9e]NQ"[0xffffffe1][0xffffffa6][0xffffffd0][0xffffff97]Q[0xffffffa4]([0xffffff81][0xffffffdf][0x14][0xfffffffa]2[0xffffff96][0x4]%[0xffffffa0][0xffffff9b]B_D4[0xffffff8b][0x12])7[0xffffff85][0xfffffffe][0xffffffa9]KiJ$[0xffffffdc][0x14][0xfffffffa][0xffffffaa]i9J[0xfffffffc][0xffffffe0][0xffffffa6][0xffffffd0][0xffffffcf][0x7f][0xffffffc3][\r]g[0xffffff9f][0xfffffffb][0xffffff83]Z[0xffffffbb][0x1c][0xfffffff8]p[0xfffffff6][0x8][0x18][0xffffffce][0x1e]f[0xffffffdd][0xffffffb5]0[0xffffffe0][0xffffffd8]p[0xfffffff6][0xffffff90][0xfffffffd]V[0xffffff92][0x12]![0xffffffc3][0xffffffd9]6[0xffffff90][0xc]%[0x2][0xffffff86][0xffffffb3]%[0xffffff9c][0xffffffd5][0xffffff94][0x8][0x1e][0xffffffce]v[0xffffffe5][0xffffffc9]R"o8[0xffffffdb]U+G[0xffffff89][0xffffff94][0xffffffe1]l-[0xffffffde][0x5]J[0xffffffb8][0xffffffe1][0xffffffec][0xfffffff3]h[0xffffff9d][0xffffffa2][0x4]>[0xffffff9c]=[0x2][0xffffff86][0xffffffb3][0xffffff87]Yw-[0xc]86[0xffffff9c]=d[0xffffffbf][0xffffff95][0xffffffa4]D[0xffffffc8]p[0xffffffb6][\r]$C[0xffffff89][0xffffff80][0xffffffe1]l[0x9]g5%[0xffffff82][0xffffff87][0xffffffb3]]y[0xffffffb2][0xffffff94][0xffffffc8][0x1b][0xffffffce]v[0xffffffd5][0xffffffca]Q"e8[[0xffffff8b]w[0xffffff81][0x12]n8[0xfffffffb][0xffffffec];5[0xffffff9c]=[0xfffffff0][0xffffffe1][0xffffffec][0x11]0[0xffffff9c]=[0xffffffcc][0xffffffba]ka[0xffffffc0][0xffffffb1][0xffffffe1][0xffffffec]![0xfffffffb][0xffffffad]$%B[0xffffff86][0xffffffb3]m [0x19]J[0x4][0xc]gK8[0xffffffab])[0x11]<[0xffffff9c][0xffffffed][0xffffffca][0xffffff93][0xffffffa5]D[0xffffffde]p[0xffffffb6][0xffffffab]V[0xffffff8e][0x12])[0xffffffc3][0xffffffd9]Z[0xffffffbc][0xb][0xffffff94][0xffffffe8][0xffffff86][0x12][0xffffffd7][0xffffffe3][0xffffffc6]~[0xffffffe0][0xffffffe8]8%z[0x0]%[0xffffffba][0xffffffe6][0xffffffbd]0[0xffffffe0][0x1d][0xffffffa3]DO[0xffffffa2][0xffffff84]F[0xffffff91][0xffffffa1][0xffffff84][0xb]$C[0x9][0xffffff8d]e=%[0xffffffe6]pVSb[0xffffff8e]h[0x12]%Ly[0xffffffb2][0xffffff94][0xffffffb0]][0xffffffca]R[0xffffffc2]T+G[0x9]iZ[0xffffff8a][0x12]R[0xffffffbc][0xb][0xffffff94][0xffffffb8][0xffffffff]s(%[0xffffff8e][0xffffffed][0xffffffa6]([0xfffffff1][0xfffffff6]>0%[0xffffffde][0xffffffdf][0xffffff80][0xffffffa6][0xffffffc4][0xffffffaf]w`([0xfffffff1][0xfffffffe]t[0xffffff86][0x12][0xffffff9f]O[0xffffffce][0xffffffa0][0xffffff84]F[0xffffff91][0xffffffa1][0xffffff84][0xb]$C[0x9][0xffffff8d]e=%[0xffffffe6]pVSb[0xffffff8e]h[0x12]%Ly[0xffffffb2][0xffffff94][0xffffffb0]][0xffffffca]R[0xffffffc2]T+G[0x9]iZ[0xffffff8a][0x12]R[0xffffffbc][0xb][0xffffff94][0x18][0xffffffe6]/8[0xffffffae][0xffffffd6]w[0xffffff8a][0x12][0x3][0xffffffff][0xb][0xffffff8e][0x11][0xfffffff0][0x17][0x1c]C?3.[0xc][0xfffffff8][0xffffffc0][0xfffffffe][0xffffff82]c$[0xfffffffd][0x5][0xffffff87]F[0xffffff91][0xffffffa1][0xffffff84][0xb]$C[0x9][0xffffff8d]e=%[0xffffffe6]pVSb[0xffffff8e]h[0x12]%Ly[0xffffffb2][0xffffff94][0xffffffb0]][0xffffffca]R[0xffffffc2]T+G[0x9]iZ[0xffffff8a][0x12]R[0xffffffbc]K[0xffffff94]8[0xffffffc3](q[0xffffffe2][0xffffff94]8[0x3](q[0xffffffa2][0xffffff94]81J[0xffffff9c]I[0xffffff94][0xffffff98][0xffffffa3]HQB[0x3]IQb[0xffffff8e]%A[0xffffff89][0x13][0xffffffa6][0xffffffc4][0x19]L[0x9])O[0xffffff9a][0x12][0xffffffa6]KiJH[0xffffffb5][0xffffff92][0xffffff94]8S(q[0xfffffffe][0xffffff90][0x12][0xffffffd7][0xffffffc3][0xffffffdd][0xffffffc1][0xffffffd1][0x1e][0x7][0xffffffb4]+[0xfffffff1]|[0x1f][0xffffff94][0x12][0x1f]o[0xffffffc0]R[0xffffffe2][0xfffffff7];[0x10][0xffffff94][0xfffffff8]x:A[0xffffff89][0xffffffaf]''P[0xffffffc2]E[0xffffff91][0xffffffa0][0xffffff84][0xf]$A[0x9][0x17][0xffffffcb]jJh8k)[0xffffffa1][0x11][0xffffffcd][0xffffffa1][0xffffff84]-O[0xffffff92][0x12]/[0xffffffba][0xffffff94][0xffffffa4][0xffffff84][0xffffffad]V[0xffffff8a][0x12][0xffffffa6]i[0x19]J[0xffffff98][0xffffffe2]][0xffffffa0][0xffffff84][0xffffffbb][0xffffff83][0xffffffa3]=[0x6]t[0x7][0xffffffc7][0xfffffff3]}`J[0xfffffff0]wp[0xfffffffc]~[0x7][0xffffff86][0x12][0xffffffd4][0x1d][0x1c]_O[0xffffffce][0xffffffa0]D[0xffffffc6][0x1d][0x1c]>[0xffffff90][0xc]%[0xfffffff8];84[0xffffff9c][0xffffffd5][0xffffff94][0xffffffc8][0xffffffbd][0xffffff83][0xffffffc3][0xffffff96]'K[0xffffff89][0xffffffb8];8l[0xffffffb5]r[0xffffff94][0x8][0xffffffb9][0xffffff83][0xffffffc3][0x14][0xffffffef][0x1f])[0xfffffff1][0xffffffdf][0xffffffff][0xfffffffd][0xffffffdf][0xffffffff][0x3][0xffffffb7][0xffffffc0]ts%[\n]"
[DEBUG] http-outgoing-1 << "[0x14][0x0]"
[DEBUG] ep-0000000002 releasing valid endpoint
[DEBUG] ep-0000000002 releasing endpoint
[DEBUG] ep-0000000002 connection http-outgoing-1 can be kept alive for 3 MINUTES
[DEBUG] ep-0000000002 connection released [route: {s}->https://googlechromelabs.github.io:443][total available: 2; route allocated: 1 of 5; total allocated: 2 of 25]
[INFO] Using chromedriver 125.0.6422.78 (resolved driver for Chrome 125)
[DEBUG] Storing resolution chrome=125 in cache (valid until 12:17:38 26/05/2024 IST)
[DEBUG] Storing resolution chrome125=125.0.6422.78 in cache (valid until 11:17:38 27/05/2024 IST)
[DEBUG] Driver chromedriver 125.0.6422.78 found in cache
[INFO] Exporting webdriver.chrome.driver as C:\Users\AKSHAY\.cache\selenium\chromedriver\win64\125.0.6422.78\chromedriver.exe
[INFO ] 2024-05-26 11:17:39.083 [main] stepdef - setup1 executed..
[INFO ] 2024-05-26 11:17:39.144 [main] stepdef -  browser launch chrome
  Given User launch Chrome browser                                                    # StepDefination.stepdef.user_launch_chrome_browser()
[INFO ] 2024-05-26 11:17:40.830 [main] stepdef -  url opened
  When User open URL "https://admin-demo.nopcommerce.com/login?ReturnUrl=%2Fadmin%2F" # StepDefination.stepdef.user_open_url(java.lang.String)
[INFO ] 2024-05-26 11:17:41.064 [main] stepdef -  email and password entered
  And user enter Email as "admin@yourstore.com" and Password as "admin"               # StepDefination.stepdef.user_enter_email_as_and_password_as(java.lang.String,java.lang.String)
[INFO ] 2024-05-26 11:17:42.477 [main] stepdef -  click on login button
  And Click on Login                                                                  # StepDefination.stepdef.click_on_login()
[WARN ] 2024-05-26 11:17:43.570 [main] stepdef - Test pasword  :login feature :page title  matched.
  Then Page Title should be "Dashboard / nopCommerce administration"                  # StepDefination.stepdef.page_title_should_be(java.lang.String)
[INFO ] 2024-05-26 11:17:45.617 [main] stepdef - Login feature page titles not matched
  When User Click on Log out link                                                     # StepDefination.stepdef.user_click_on_log_out_link()
Your store. Login
[INFO ] 2024-05-26 11:17:45.637 [main] stepdef - same page title : test passed
  Then Page Title should be as "Your store. Login"                                    # StepDefination.stepdef.page_title_should_be_as(java.lang.String)
[INFO ] 2024-05-26 11:17:45.740 [main] stepdef - Browser closed
  And close browser                                                                   # StepDefination.stepdef.close_browser()
tear down method executed
]]></system-out>
  </testcase>
</testsuite>